#
# A fatal error has been detected by the Java Runtime Environment:
#
#  EXCEPTION_ACCESS_VIOLATION (0xc0000005) at pc=0x000000006484248b, pid=4284, tid=844
#
# JRE version: Java(TM) SE Runtime Environment (7.0_45-b18) (build 1.7.0_45-b18)
# Java VM: Java HotSpot(TM) 64-Bit Server VM (24.45-b08 mixed mode windows-amd64 compressed oops)
# Problematic frame:
# V  [jvm.dll+0x14248b]
#
# Failed to write core dump. Minidumps are not enabled by default on client versions of Windows
#
# If you would like to submit a bug report, please visit:
#   http://bugreport.sun.com/bugreport/crash.jsp
#

---------------  T H R E A D  ---------------

Current thread (0x000000000c240000):  JavaThread "JDWP Transport Listener: dt_socket" daemon [_thread_in_vm, id=844, stack(0x000000000de60000,0x000000000df60000)]

siginfo: ExceptionCode=0xc0000005, reading address 0xffffffffffffffff

Registers:
RAX=0x000000000df5f801, RBX=0x000000000c240000, RCX=0x656c626168637461, RDX=0x0000000000000000
RSP=0x000000000df5f840, RBP=0x656c626168637461, RSI=0x000000000df5f958, RDI=0x00000000025d8d40
R8 =0x000000000c240000, R9 =0x00000b4d01ba0006, R10=0x67617373654d6c65, R11=0x0000000016302de1
R12=0x0000000000000000, R13=0x000000000250cea8, R14=0x0000000000000000, R15=0x0000000000000000
RIP=0x000000006484248b, EFLAGS=0x0000000000010202

Top of Stack: (sp=0x000000000df5f840)
0x000000000df5f840:   000000000c240000 0000000012e5ed40
0x000000000df5f850:   000000000df5f908 00000000649e1039
0x000000000df5f860:   000000000c240000 00000000649febe2
0x000000000df5f870:   0000000000000099 0000000065658e89
0x000000000df5f880:   0000000012f76f48 000000006566265a
0x000000000df5f890:   000000000c240000 0000000000000000
0x000000000df5f8a0:   0000000000000000 0000000000000000
0x000000000df5f8b0:   656c626168637461 0000000065661751
0x000000000df5f8c0:   000000000df5f958 000000000df5f930
0x000000000df5f8d0:   0000000000000001 0000000012f76f48
0x000000000df5f8e0:   656c626168637461 00000000656453b3
0x000000000df5f8f0:   000000000df5fa20 0000000000000001
0x000000000df5f900:   0000000000000001 0000000012f76f48
0x000000000df5f910:   0000000000000009 0000000000000000
0x000000000df5f920:   0000000000000000 0000000000000000
0x000000000df5f930:   0000000000000001 0000000065645571 

Instructions: (pc=0x000000006484248b)
0x000000006484246b:   48 8b 5c 24 30 48 89 47 18 48 83 c4 20 5f c3 cc
0x000000006484247b:   cc cc cc cc cc 40 53 48 83 ec 20 48 85 c9 74 54
0x000000006484248b:   48 8b 19 48 85 db 74 4c 48 b8 fe fe fe fe fe fe
0x000000006484249b:   fe fe 48 3b d8 74 3d 80 3d 8f 87 60 00 00 74 15 


Register to memory mapping:

RAX=0x000000000df5f801 is pointing into the stack for thread: 0x000000000c240000
RBX=0x000000000c240000 is a thread
RCX=0x656c626168637461 is an unknown value
RDX=0x0000000000000000 is an unknown value
RSP=0x000000000df5f840 is pointing into the stack for thread: 0x000000000c240000
RBP=0x656c626168637461 is an unknown value
RSI=0x000000000df5f958 is pointing into the stack for thread: 0x000000000c240000
RDI=0x00000000025d8d40 is an unknown value
R8 =0x000000000c240000 is a thread
R9 =0x00000b4d01ba0006 is an unknown value
R10=0x67617373654d6c65 is an unknown value
R11=0x0000000016302de1 is an unknown value
R12=0x0000000000000000 is an unknown value
R13=0x000000000250cea8 is an unknown value
R14=0x0000000000000000 is an unknown value
R15=0x0000000000000000 is an unknown value


Stack: [0x000000000de60000,0x000000000df60000],  sp=0x000000000df5f840,  free space=1022k
Native frames: (J=compiled Java code, j=interpreted, Vv=VM code, C=native code)
V  [jvm.dll+0x14248b]


---------------  P R O C E S S  ---------------

Java Threads: ( => current thread )
  0x0000000012f70800 JavaThread "TimerQueue" daemon [_thread_blocked, id=2952, stack(0x00000000154c0000,0x00000000155c0000)]
  0x0000000012f5c000 JavaThread "Swing-Shell" daemon [_thread_blocked, id=6496, stack(0x0000000015120000,0x0000000015220000)]
  0x00000000025de800 JavaThread "DestroyJavaVM" [_thread_blocked, id=612, stack(0x00000000027c0000,0x00000000028c0000)]
  0x000000000c552800 JavaThread "AWT-EventQueue-0" [_thread_blocked, id=6320, stack(0x0000000012bf0000,0x0000000012cf0000)]
  0x000000000c3d8000 JavaThread "AWT-Windows" daemon [_thread_in_native, id=6328, stack(0x000000000ea00000,0x000000000eb00000)]
  0x000000000c3d7000 JavaThread "AWT-Shutdown" [_thread_blocked, id=6504, stack(0x000000000e900000,0x000000000ea00000)]
  0x000000000c3d5000 JavaThread "Java2D Disposer" daemon [_thread_blocked, id=4144, stack(0x000000000e770000,0x000000000e870000)]
  0x000000000c26e800 JavaThread "Service Thread" daemon [_thread_blocked, id=6104, stack(0x000000000e2b0000,0x000000000e3b0000)]
  0x000000000c26d800 JavaThread "C2 CompilerThread1" daemon [_thread_blocked, id=1100, stack(0x000000000e440000,0x000000000e540000)]
  0x000000000c26b800 JavaThread "C2 CompilerThread0" daemon [_thread_blocked, id=6048, stack(0x000000000dc10000,0x000000000dd10000)]
  0x000000000c255800 JavaThread "JDWP Command Reader" daemon [_thread_in_native, id=3968, stack(0x000000000e1a0000,0x000000000e2a0000)]
  0x000000000c250800 JavaThread "JDWP Event Helper Thread" daemon [_thread_blocked, id=6700, stack(0x000000000dff0000,0x000000000e0f0000)]
=>0x000000000c240000 JavaThread "JDWP Transport Listener: dt_socket" daemon [_thread_in_vm, id=844, stack(0x000000000de60000,0x000000000df60000)]
  0x000000000b19e000 JavaThread "Attach Listener" daemon [_thread_blocked, id=3760, stack(0x000000000d790000,0x000000000d890000)]
  0x000000000b19a000 JavaThread "Signal Dispatcher" daemon [_thread_blocked, id=1392, stack(0x000000000d3e0000,0x000000000d4e0000)]
  0x000000000257c800 JavaThread "Finalizer" daemon [_thread_blocked, id=3796, stack(0x000000000d4e0000,0x000000000d5e0000)]
  0x0000000002576000 JavaThread "Reference Handler" daemon [_thread_blocked, id=6072, stack(0x000000000d2c0000,0x000000000d3c0000)]

Other Threads:
  0x000000000b17d000 VMThread [stack: 0x000000000d170000,0x000000000d270000] [id=4692]
  0x000000000c281800 WatcherThread [stack: 0x000000000e600000,0x000000000e700000] [id=6468]

VM state:not at safepoint (normal execution)

VM Mutex/Monitor currently owned by a thread: None

Heap
 PSYoungGen      total 413696K, used 311765K [0x00000007d6f00000, 0x00000007f0a00000, 0x0000000800000000)
  eden space 406528K, 76% used [0x00000007d6f00000,0x00000007e9e85658,0x00000007efc00000)
  from space 7168K, 13% used [0x00000007f0300000,0x00000007f03f0000,0x00000007f0a00000)
  to   space 7168K, 0% used [0x00000007efc00000,0x00000007efc00000,0x00000007f0300000)
 ParOldGen       total 83968K, used 26926K [0x0000000784e00000, 0x000000078a000000, 0x00000007d6f00000)
  object space 83968K, 32% used [0x0000000784e00000,0x000000078684b918,0x000000078a000000)
 PSPermGen       total 21504K, used 17448K [0x000000077fc00000, 0x0000000781100000, 0x0000000784e00000)
  object space 21504K, 81% used [0x000000077fc00000,0x0000000780d0a370,0x0000000781100000)

Card table byte_map: [0x00000000058c0000,0x0000000005cd0000] byte_map_base: 0x0000000001cc2000

Polling page: 0x0000000000220000

Code Cache  [0x00000000028c0000, 0x0000000002b50000, 0x00000000058c0000)
 total_blobs=1195 nmethods=723 adapters=432 free_code_cache=46652Kb largest_free_block=47696768

Compilation events (10 events):
Event: 1469.010 Thread 0x000000000c26d800  735             sun.awt.AWTAutoShutdown::notifyToolkitThreadBusy (8 bytes)
Event: 1469.011 Thread 0x000000000c26d800 nmethod 735 0x0000000002b31a50 code [0x0000000002b31ba0, 0x0000000002b31c08]
Event: 1469.215 Thread 0x000000000c26b800  736             sun.awt.AWTAutoShutdown::notifyToolkitThreadFree (8 bytes)
Event: 1469.216 Thread 0x000000000c26b800 nmethod 736 0x0000000002b31810 code [0x0000000002b31960, 0x0000000002b319c8]
Event: 2084.565 Thread 0x000000000c26d800  737             java.lang.Object::wait (6 bytes)
Event: 2084.565 Thread 0x000000000c26d800 nmethod 737 0x0000000002b31590 code [0x0000000002b316e0, 0x0000000002b31768]
Event: 2584.961 Thread 0x000000000c26b800  738 % !         sun.awt.AWTAutoShutdown::run @ 40 (159 bytes)
Event: 2584.970 Thread 0x000000000c26b800 nmethod 738% 0x00000000029c7a10 code [0x00000000029c7ba0, 0x00000000029c8288]
Event: 2585.365 Thread 0x000000000c26d800  739 % !         sun.awt.AWTAutoShutdown::run @ 20 (159 bytes)
Event: 2585.376 Thread 0x000000000c26d800 nmethod 739% 0x00000000029b1650 code [0x00000000029b1800, 0x00000000029b1fb0]

GC Heap History (10 events):
Event: 12.556 GC heap before
{Heap before GC invocations=6 (full 0):
 PSYoungGen      total 68608K, used 67519K [0x00000007d6f00000, 0x00000007df700000, 0x0000000800000000)
  eden space 63488K, 100% used [0x00000007d6f00000,0x00000007dad00000,0x00000007dad00000)
  from space 5120K, 78% used [0x00000007dad00000,0x00000007db0efea0,0x00000007db200000)
  to   space 6144K, 0% used [0x00000007df100000,0x00000007df100000,0x00000007df700000)
 ParOldGen       total 83968K, used 23574K [0x0000000784e00000, 0x000000078a000000, 0x00000007d6f00000)
  object space 83968K, 28% used [0x0000000784e00000,0x0000000786505a38,0x000000078a000000)
 PSPermGen       total 21504K, used 16602K [0x000000077fc00000, 0x0000000781100000, 0x0000000784e00000)
  object space 21504K, 77% used [0x000000077fc00000,0x0000000780c36900,0x0000000781100000)
Event: 12.561 GC heap after
Heap after GC invocations=6 (full 0):
 PSYoungGen      total 133120K, used 3503K [0x00000007d6f00000, 0x00000007df700000, 0x0000000800000000)
  eden space 126976K, 0% used [0x00000007d6f00000,0x00000007d6f00000,0x00000007deb00000)
  from space 6144K, 57% used [0x00000007df100000,0x00000007df46be90,0x00000007df700000)
  to   space 6144K, 0% used [0x00000007deb00000,0x00000007deb00000,0x00000007df100000)
 ParOldGen       total 83968K, used 23582K [0x0000000784e00000, 0x000000078a000000, 0x00000007d6f00000)
  object space 83968K, 28% used [0x0000000784e00000,0x0000000786507a38,0x000000078a000000)
 PSPermGen       total 21504K, used 16602K [0x000000077fc00000, 0x0000000781100000, 0x0000000784e00000)
  object space 21504K, 77% used [0x000000077fc00000,0x0000000780c36900,0x0000000781100000)
}
Event: 12.727 GC heap before
{Heap before GC invocations=7 (full 0):
 PSYoungGen      total 133120K, used 130479K [0x00000007d6f00000, 0x00000007df700000, 0x0000000800000000)
  eden space 126976K, 100% used [0x00000007d6f00000,0x00000007deb00000,0x00000007deb00000)
  from space 6144K, 57% used [0x00000007df100000,0x00000007df46be90,0x00000007df700000)
  to   space 6144K, 0% used [0x00000007deb00000,0x00000007deb00000,0x00000007df100000)
 ParOldGen       total 83968K, used 23582K [0x0000000784e00000, 0x000000078a000000, 0x00000007d6f00000)
  object space 83968K, 28% used [0x0000000784e00000,0x0000000786507a38,0x000000078a000000)
 PSPermGen       total 21504K, used 16621K [0x000000077fc00000, 0x0000000781100000, 0x0000000784e00000)
  object space 21504K, 77% used [0x000000077fc00000,0x0000000780c3b760,0x0000000781100000)
Event: 12.732 GC heap after
Heap after GC invocations=7 (full 0):
 PSYoungGen      total 133120K, used 1088K [0x00000007d6f00000, 0x00000007e7400000, 0x0000000800000000)
  eden space 126976K, 0% used [0x00000007d6f00000,0x00000007d6f00000,0x00000007deb00000)
  from space 6144K, 17% used [0x00000007deb00000,0x00000007dec10000,0x00000007df100000)
  to   space 6656K, 0% used [0x00000007e6d80000,0x00000007e6d80000,0x00000007e7400000)
 ParOldGen       total 83968K, used 26782K [0x0000000784e00000, 0x000000078a000000, 0x00000007d6f00000)
  object space 83968K, 31% used [0x0000000784e00000,0x0000000786827918,0x000000078a000000)
 PSPermGen       total 21504K, used 16621K [0x000000077fc00000, 0x0000000781100000, 0x0000000784e00000)
  object space 21504K, 77% used [0x000000077fc00000,0x0000000780c3b760,0x0000000781100000)
}
Event: 12.902 GC heap before
{Heap before GC invocations=8 (full 0):
 PSYoungGen      total 133120K, used 128064K [0x00000007d6f00000, 0x00000007e7400000, 0x0000000800000000)
  eden space 126976K, 100% used [0x00000007d6f00000,0x00000007deb00000,0x00000007deb00000)
  from space 6144K, 17% used [0x00000007deb00000,0x00000007dec10000,0x00000007df100000)
  to   space 6656K, 0% used [0x00000007e6d80000,0x00000007e6d80000,0x00000007e7400000)
 ParOldGen       total 83968K, used 26782K [0x0000000784e00000, 0x000000078a000000, 0x00000007d6f00000)
  object space 83968K, 31% used [0x0000000784e00000,0x0000000786827918,0x000000078a000000)
 PSPermGen       total 21504K, used 16772K [0x000000077fc00000, 0x0000000781100000, 0x0000000784e00000)
  object space 21504K, 77% used [0x000000077fc00000,0x0000000780c611a0,0x0000000781100000)
Event: 12.905 GC heap after
Heap after GC invocations=8 (full 0):
 PSYoungGen      total 260608K, used 1760K [0x00000007d6f00000, 0x00000007e7400000, 0x0000000800000000)
  eden space 253952K, 0% used [0x00000007d6f00000,0x00000007d6f00000,0x00000007e6700000)
  from space 6656K, 26% used [0x00000007e6d80000,0x00000007e6f38000,0x00000007e7400000)
  to   space 6656K, 0% used [0x00000007e6700000,0x00000007e6700000,0x00000007e6d80000)
 ParOldGen       total 83968K, used 26854K [0x0000000784e00000, 0x000000078a000000, 0x00000007d6f00000)
  object space 83968K, 31% used [0x0000000784e00000,0x0000000786839918,0x000000078a000000)
 PSPermGen       total 21504K, used 16772K [0x000000077fc00000, 0x0000000781100000, 0x0000000784e00000)
  object space 21504K, 77% used [0x000000077fc00000,0x0000000780c611a0,0x0000000781100000)
}
Event: 14.685 GC heap before
{Heap before GC invocations=9 (full 0):
 PSYoungGen      total 260608K, used 255712K [0x00000007d6f00000, 0x00000007e7400000, 0x0000000800000000)
  eden space 253952K, 100% used [0x00000007d6f00000,0x00000007e6700000,0x00000007e6700000)
  from space 6656K, 26% used [0x00000007e6d80000,0x00000007e6f38000,0x00000007e7400000)
  to   space 6656K, 0% used [0x00000007e6700000,0x00000007e6700000,0x00000007e6d80000)
 ParOldGen       total 83968K, used 26854K [0x0000000784e00000, 0x000000078a000000, 0x00000007d6f00000)
  object space 83968K, 31% used [0x0000000784e00000,0x0000000786839918,0x000000078a000000)
 PSPermGen       total 21504K, used 16802K [0x000000077fc00000, 0x0000000781100000, 0x0000000784e00000)
  object space 21504K, 78% used [0x000000077fc00000,0x0000000780c68be8,0x0000000781100000)
Event: 14.690 GC heap after
Heap after GC invocations=9 (full 0):
 PSYoungGen      total 260608K, used 256K [0x00000007d6f00000, 0x00000007f0a00000, 0x0000000800000000)
  eden space 253952K, 0% used [0x00000007d6f00000,0x00000007d6f00000,0x00000007e6700000)
  from space 6656K, 3% used [0x00000007e6700000,0x00000007e6740000,0x00000007e6d80000)
  to   space 7168K, 0% used [0x00000007f0300000,0x00000007f0300000,0x00000007f0a00000)
 ParOldGen       total 83968K, used 26886K [0x0000000784e00000, 0x000000078a000000, 0x00000007d6f00000)
  object space 83968K, 32% used [0x0000000784e00000,0x0000000786841918,0x000000078a000000)
 PSPermGen       total 21504K, used 16802K [0x000000077fc00000, 0x0000000781100000, 0x0000000784e00000)
  object space 21504K, 78% used [0x000000077fc00000,0x0000000780c68be8,0x0000000781100000)
}
Event: 14.912 GC heap before
{Heap before GC invocations=10 (full 0):
 PSYoungGen      total 260608K, used 254208K [0x00000007d6f00000, 0x00000007f0a00000, 0x0000000800000000)
  eden space 253952K, 100% used [0x00000007d6f00000,0x00000007e6700000,0x00000007e6700000)
  from space 6656K, 3% used [0x00000007e6700000,0x00000007e6740000,0x00000007e6d80000)
  to   space 7168K, 0% used [0x00000007f0300000,0x00000007f0300000,0x00000007f0a00000)
 ParOldGen       total 83968K, used 26886K [0x0000000784e00000, 0x000000078a000000, 0x00000007d6f00000)
  object space 83968K, 32% used [0x0000000784e00000,0x0000000786841918,0x000000078a000000)
 PSPermGen       total 21504K, used 16809K [0x000000077fc00000, 0x0000000781100000, 0x0000000784e00000)
  object space 21504K, 78% used [0x000000077fc00000,0x0000000780c6a630,0x0000000781100000)
Event: 14.914 GC heap after
Heap after GC invocations=10 (full 0):
 PSYoungGen      total 413696K, used 960K [0x00000007d6f00000, 0x00000007f0a00000, 0x0000000800000000)
  eden space 406528K, 0% used [0x00000007d6f00000,0x00000007d6f00000,0x00000007efc00000)
  from space 7168K, 13% used [0x00000007f0300000,0x00000007f03f0000,0x00000007f0a00000)
  to   space 7168K, 0% used [0x00000007efc00000,0x00000007efc00000,0x00000007f0300000)
 ParOldGen       total 83968K, used 26926K [0x0000000784e00000, 0x000000078a000000, 0x00000007d6f00000)
  object space 83968K, 32% used [0x0000000784e00000,0x000000078684b918,0x000000078a000000)
 PSPermGen       total 21504K, used 16809K [0x000000077fc00000, 0x0000000781100000, 0x0000000784e00000)
  object space 21504K, 78% used [0x000000077fc00000,0x0000000780c6a630,0x0000000781100000)
}

Deoptimization events (10 events):
Event: 12.810 Thread 0x000000000c552800 Uncommon trap: reason=unreached action=reinterpret pc=0x0000000002a031a0 method=java.util.TreeMap.getEntry(Ljava/lang/Object;)Ljava/util/TreeMap$Entry; @ 36
Event: 12.810 Thread 0x000000000c552800 Uncommon trap: reason=unreached action=reinterpret pc=0x00000000029c8d88 method=java.util.TreeMap.getEntry(Ljava/lang/Object;)Ljava/util/TreeMap$Entry; @ 36
Event: 12.839 Thread 0x000000000c552800 Uncommon trap: reason=unreached action=reinterpret pc=0x00000000029ef578 method=org.apache.poi.hssf.record.RecordFactoryInputStream.readNextRecord()Lorg/apache/poi/hssf/record/Record; @ 315
Event: 13.374 Thread 0x000000000c552800 Uncommon trap: reason=class_check action=maybe_recompile pc=0x0000000002afbe90 method=java.util.concurrent.ConcurrentHashMap.get(Ljava/lang/Object;)Ljava/lang/Object; @ 117
Event: 13.375 Thread 0x000000000c552800 Uncommon trap: reason=class_check action=maybe_recompile pc=0x0000000002afbe90 method=java.util.concurrent.ConcurrentHashMap.get(Ljava/lang/Object;)Ljava/lang/Object; @ 117
Event: 13.382 Thread 0x000000000c552800 Uncommon trap: reason=class_check action=maybe_recompile pc=0x0000000002afbe90 method=java.util.concurrent.ConcurrentHashMap.get(Ljava/lang/Object;)Ljava/lang/Object; @ 117
Event: 13.382 Thread 0x000000000c552800 Uncommon trap: reason=class_check action=maybe_recompile pc=0x0000000002afbe90 method=java.util.concurrent.ConcurrentHashMap.get(Ljava/lang/Object;)Ljava/lang/Object; @ 117
Event: 14.650 Thread 0x000000000c552800 Uncommon trap: reason=class_check action=maybe_recompile pc=0x0000000002a005f4 method=java.util.HashMap.put(Ljava/lang/Object;Ljava/lang/Object;)Ljava/lang/Object; @ 105
Event: 14.653 Thread 0x000000000c552800 Uncommon trap: reason=class_check action=maybe_recompile pc=0x0000000002a005f4 method=java.util.HashMap.put(Ljava/lang/Object;Ljava/lang/Object;)Ljava/lang/Object; @ 105
Event: 17.859 Thread 0x000000000c552800 Uncommon trap: reason=class_check action=maybe_recompile pc=0x0000000002a10364 method=java.util.AbstractCollection.isEmpty()Z @ 1

Internal exceptions (10 events):
Event: 12.842 Thread 0x000000000c552800 Threw 0x00000007db7b54a0 at C:\re\jdk7u45\229\hotspot\src\share\vm\prims\jvm.cpp:1244
Event: 12.842 Thread 0x000000000c552800 Threw 0x00000007db7bf2e0 at C:\re\jdk7u45\229\hotspot\src\share\vm\prims\jvm.cpp:1244
Event: 12.842 Thread 0x000000000c552800 Threw 0x00000007db7c8198 at C:\re\jdk7u45\229\hotspot\src\share\vm\prims\jvm.cpp:1244
Event: 12.843 Thread 0x000000000c552800 Threw 0x00000007db7cbf68 at C:\re\jdk7u45\229\hotspot\src\share\vm\prims\jvm.cpp:1244
Event: 12.843 Thread 0x000000000c552800 Threw 0x00000007db7cf8c8 at C:\re\jdk7u45\229\hotspot\src\share\vm\prims\jvm.cpp:1244
Event: 12.843 Thread 0x000000000c552800 Threw 0x00000007db7d3838 at C:\re\jdk7u45\229\hotspot\src\share\vm\prims\jvm.cpp:1244
Event: 12.843 Thread 0x000000000c552800 Threw 0x00000007db7d9be8 at C:\re\jdk7u45\229\hotspot\src\share\vm\prims\jvm.cpp:1244
Event: 12.844 Thread 0x000000000c552800 Threw 0x00000007db7dd9f8 at C:\re\jdk7u45\229\hotspot\src\share\vm\prims\jvm.cpp:1244
Event: 13.094 Thread 0x000000000c552800 Threw 0x00000007e17fa710 at C:\re\jdk7u45\229\hotspot\src\share\vm\prims\jvm.cpp:1244
Event: 13.371 Thread 0x000000000c552800 Threw 0x00000007e1801ce0 at C:\re\jdk7u45\229\hotspot\src\share\vm\prims\jvm.cpp:1244

Events (10 events):
Event: 18929.253 Executing VM operation: RedefineClasses
Event: 18929.255 Executing VM operation: RedefineClasses done
Event: 18929.261 Executing VM operation: ChangeBreakpoints
Event: 18929.262 Executing VM operation: ChangeBreakpoints done
Event: 18937.818 Executing VM operation: RedefineClasses
Event: 18937.820 Executing VM operation: RedefineClasses done
Event: 18946.810 Executing VM operation: RedefineClasses
Event: 18946.812 Executing VM operation: RedefineClasses done
Event: 18996.830 Executing VM operation: RedefineClasses
Event: 18996.832 Executing VM operation: RedefineClasses done


Dynamic libraries:
0x000000013f3c0000 - 0x000000013f3f3000 	D:\Program Files (x86)\Java\jre7\bin\javaw.exe
0x0000000077020000 - 0x00000000771c9000 	C:\Windows\SYSTEM32\ntdll.dll
0x0000000076e00000 - 0x0000000076f1f000 	C:\Windows\system32\kernel32.dll
0x000007fefce90000 - 0x000007fefcefb000 	C:\Windows\system32\KERNELBASE.dll
0x000007fefd680000 - 0x000007fefd75b000 	C:\Windows\system32\ADVAPI32.dll
0x000007fefd4c0000 - 0x000007fefd55f000 	C:\Windows\system32\msvcrt.dll
0x000007fefea10000 - 0x000007fefea2f000 	C:\Windows\SYSTEM32\sechost.dll
0x000007fefec10000 - 0x000007fefed3d000 	C:\Windows\system32\RPCRT4.dll
0x0000000076f20000 - 0x000000007701a000 	C:\Windows\system32\USER32.dll
0x000007fefd1b0000 - 0x000007fefd217000 	C:\Windows\system32\GDI32.dll
0x000007fefea80000 - 0x000007fefea8e000 	C:\Windows\system32\LPK.dll
0x000007fefeb30000 - 0x000007fefebf9000 	C:\Windows\system32\USP10.dll
0x000007fefb5e0000 - 0x000007fefb7d4000 	C:\Windows\WinSxS\amd64_microsoft.windows.common-controls_6595b64144ccf1df_6.0.7601.17514_none_fa396087175ac9ac\COMCTL32.dll
0x000007fefd560000 - 0x000007fefd5d1000 	C:\Windows\system32\SHLWAPI.dll
0x000007fefd490000 - 0x000007fefd4be000 	C:\Windows\system32\IMM32.DLL
0x000007fefede0000 - 0x000007fefeee9000 	C:\Windows\system32\MSCTF.dll
0x0000000065d10000 - 0x0000000065de2000 	D:\Program Files (x86)\Java\jre7\bin\msvcr100.dll
0x0000000064700000 - 0x0000000064ec9000 	D:\Program Files (x86)\Java\jre7\bin\server\jvm.dll
0x000007fefb5b0000 - 0x000007fefb5b9000 	C:\Windows\system32\WSOCK32.dll
0x000007fefea30000 - 0x000007fefea7d000 	C:\Windows\system32\WS2_32.dll
0x000007fefec00000 - 0x000007fefec08000 	C:\Windows\system32\NSI.dll
0x000007fefcfd0000 - 0x000007fefd00b000 	C:\Windows\system32\WINMM.dll
0x00000000771e0000 - 0x00000000771e7000 	C:\Windows\system32\PSAPI.DLL
0x0000000068a50000 - 0x0000000068a5f000 	D:\Program Files (x86)\Java\jre7\bin\verify.dll
0x0000000065ea0000 - 0x0000000065ec8000 	D:\Program Files (x86)\Java\jre7\bin\java.dll
0x0000000065640000 - 0x0000000065675000 	D:\Program Files (x86)\Java\jre7\bin\jdwp.dll
0x0000000074220000 - 0x0000000074228000 	D:\Program Files (x86)\Java\jre7\bin\npt.dll
0x0000000068a30000 - 0x0000000068a45000 	D:\Program Files (x86)\Java\jre7\bin\zip.dll
0x0000000065820000 - 0x0000000065829000 	D:\Program Files (x86)\Java\jre7\bin\dt_socket.dll
0x000007fefb040000 - 0x000007fefb055000 	C:\Windows\system32\NLAapi.dll
0x000007fef82e0000 - 0x000007fef82f5000 	C:\Windows\system32\napinsp.dll
0x000007fef82c0000 - 0x000007fef82d9000 	C:\Windows\system32\pnrpnsp.dll
0x000007fefc570000 - 0x000007fefc5c5000 	C:\Windows\System32\mswsock.dll
0x000007fefc3f0000 - 0x000007fefc44b000 	C:\Windows\system32\DNSAPI.dll
0x000007fef82b0000 - 0x000007fef82bb000 	C:\Windows\System32\winrnr.dll
0x000007fefaa70000 - 0x000007fefaa97000 	C:\Windows\system32\IPHLPAPI.DLL
0x000007fefaa60000 - 0x000007fefaa6b000 	C:\Windows\system32\WINNSI.DLL
0x000007fefa440000 - 0x000007fefa493000 	C:\Windows\System32\fwpuclnt.dll
0x000007fef5d80000 - 0x000007fef5d88000 	C:\Windows\system32\rasadhlp.dll
0x000007fefbf70000 - 0x000007fefbf77000 	C:\Windows\System32\wshtcpip.dll
0x00000000654a0000 - 0x0000000065635000 	D:\Program Files (x86)\Java\jre7\bin\awt.dll
0x000007fefe930000 - 0x000007fefea07000 	C:\Windows\system32\OLEAUT32.dll
0x000007fefd220000 - 0x000007fefd423000 	C:\Windows\system32\ole32.dll
0x000007fefcfb0000 - 0x000007fefcfc8000 	C:\Windows\system32\DWMAPI.DLL
0x000007fefb500000 - 0x000007fefb556000 	C:\Windows\system32\uxtheme.dll
0x000007fefcbd0000 - 0x000007fefcc27000 	C:\Windows\system32\apphelp.dll
0x000007fef9500000 - 0x000007fef9aea000 	C:\Windows\system32\SOGOUPY.IME
0x000007fefa630000 - 0x000007fefa637000 	C:\Windows\system32\MSIMG32.dll
0x000007fefa700000 - 0x000007fefa754000 	C:\Windows\system32\OLEACC.dll
0x000007fefbea0000 - 0x000007fefbeac000 	C:\Windows\system32\VERSION.dll
0x000007fefda10000 - 0x000007fefe798000 	C:\Windows\system32\SHELL32.dll
0x000007fefcc30000 - 0x000007fefcc3f000 	C:\Windows\system32\CRYPTBASE.dll
0x00000000062e0000 - 0x00000000062f3000 	C:\Program Files (x86)\Dict\6.2.54.8018\WordStrokeHelper64.dll
0x0000000065450000 - 0x0000000065496000 	D:\Program Files (x86)\Java\jre7\bin\fontmanager.dll
0x0000000014440000 - 0x000000001481e000 	C:\Program Files (x86)\SogouInput\7.1.0.1618\Resource.dll
0x0000000065e80000 - 0x0000000065e99000 	D:\Program Files (x86)\Java\jre7\bin\net.dll
0x000007fefc560000 - 0x000007fefc567000 	C:\Windows\System32\wship6.dll
0x0000000065e60000 - 0x0000000065e71000 	D:\Program Files (x86)\Java\jre7\bin\nio.dll
0x0000000065400000 - 0x0000000065441000 	D:\Program Files (x86)\Java\jre7\bin\t2k.dll
0x000007fefea90000 - 0x000007fefeb29000 	C:\Windows\system32\CLBCatQ.DLL
0x000007fefaac0000 - 0x000007fefabea000 	C:\Windows\system32\WindowsCodecs.dll
0x0000000072930000 - 0x0000000072946000 	C:\Program Files\Common Files\TortoiseOverlays\TortoiseOverlays.dll
0x0000000072910000 - 0x0000000072927000 	D:\Program Files (x86)\TortoiseSVN\bin\TortoiseStub.dll
0x0000000072890000 - 0x000000007290d000 	D:\Program Files (x86)\TortoiseSVN\bin\TortoiseSVN.dll
0x000007fefd8e0000 - 0x000007fefda0a000 	C:\Windows\system32\WININET.dll
0x000007fefd760000 - 0x000007fefd8d9000 	C:\Windows\system32\urlmon.dll
0x000007fefd040000 - 0x000007fefd1ac000 	C:\Windows\system32\CRYPT32.dll
0x000007fefcde0000 - 0x000007fefcdef000 	C:\Windows\system32\MSASN1.dll
0x000007feff0d0000 - 0x000007feff32c000 	C:\Windows\system32\iertutil.dll
0x000007fef8720000 - 0x000007fef8b93000 	D:\Program Files (x86)\TortoiseSVN\bin\libsvn_tsvn.dll
0x0000000072860000 - 0x000000007288e000 	D:\Program Files (x86)\TortoiseSVN\bin\libapr_tsvn.dll
0x000007fef8640000 - 0x000007fef8714000 	C:\Windows\system32\MSVCR110.dll
0x0000000072810000 - 0x0000000072855000 	D:\Program Files (x86)\TortoiseSVN\bin\libaprutil_tsvn.dll
0x000007fefd430000 - 0x000007fefd482000 	C:\Windows\system32\WLDAP32.dll
0x000007fef8620000 - 0x000007fef8631000 	D:\Program Files (x86)\TortoiseSVN\bin\intl3_tsvn.dll
0x000007fef8600000 - 0x000007fef8619000 	D:\Program Files (x86)\TortoiseSVN\bin\libsasl.dll
0x000007fefc870000 - 0x000007fefc87b000 	C:\Windows\system32\Secur32.dll
0x000007fefcba0000 - 0x000007fefcbc5000 	C:\Windows\system32\SSPICLI.DLL
0x000007fefa580000 - 0x000007fefa627000 	C:\Windows\system32\MSVCP110.dll
0x000007fef84d0000 - 0x000007fef850a000 	C:\Program Files (x86)\360\360safe\safemon\360UDiskGuard64.dll
0x000007fefeef0000 - 0x000007feff0c7000 	C:\Windows\system32\SETUPAPI.dll
0x000007fefcf70000 - 0x000007fefcfa6000 	C:\Windows\system32\CFGMGR32.dll
0x000007fefcf00000 - 0x000007fefcf1a000 	C:\Windows\system32\DEVOBJ.dll
0x000007fef8490000 - 0x000007fef84c5000 	C:\Windows\system32\EhStorShell.dll
0x000007fefb7e0000 - 0x000007fefb90c000 	C:\Windows\system32\PROPSYS.dll
0x000007fef8410000 - 0x000007fef848e000 	C:\Windows\System32\cscui.dll
0x000007fefa570000 - 0x000007fefa57c000 	C:\Windows\System32\CSCDLL.dll
0x000007fef8400000 - 0x000007fef840f000 	C:\Windows\system32\CSCAPI.dll
0x000007fef5d90000 - 0x000007fef5e10000 	C:\Windows\system32\ntshrui.dll
0x000007fefc7d0000 - 0x000007fefc7f3000 	C:\Windows\system32\srvcli.dll
0x000007fefafb0000 - 0x000007fefafbb000 	C:\Windows\system32\slc.dll
0x000007fef2840000 - 0x000007fef28e0000 	C:\Windows\WinSxS\amd64_microsoft.windows.common-controls_6595b64144ccf1df_5.82.7601.18201_none_a4d3b9377117c3df\comctl32.dll
0x000007feef1d0000 - 0x000007feef36c000 	C:\Windows\system32\NetworkExplorer.dll
0x000007fefaef0000 - 0x000007fefaf1d000 	C:\Windows\system32\ntmarta.dll
0x000007fef6120000 - 0x000007fef6154000 	C:\Windows\System32\shdocvw.dll
0x000007fefcd40000 - 0x000007fefcd4f000 	C:\Windows\system32\profapi.dll
0x000007fef9150000 - 0x000007fef9168000 	C:\Windows\system32\MPR.dll
0x000007fefb5c0000 - 0x000007fefb5ca000 	C:\Windows\System32\drprov.dll
0x000007fefcce0000 - 0x000007fefcd1d000 	C:\Windows\System32\WINSTA.dll
0x000007fefb580000 - 0x000007fefb5a2000 	C:\Windows\System32\ntlanman.dll
0x000007fef60b0000 - 0x000007fef60cc000 	C:\Windows\System32\davclnt.dll
0x000007fefa6f0000 - 0x000007fefa6fa000 	C:\Windows\System32\DAVHLPR.dll
0x000007fefa8f0000 - 0x000007fefa905000 	C:\Windows\system32\wkscli.dll
0x000007fefa910000 - 0x000007fefa91c000 	C:\Windows\system32\netutils.dll
0x000007feee870000 - 0x000007feeeae1000 	C:\Windows\system32\wpdshext.dll
0x000007fefb2e0000 - 0x000007fefb4f6000 	C:\Windows\WinSxS\amd64_microsoft.windows.gdiplus_6595b64144ccf1df_1.1.7601.18455_none_2b283fd671e9bf4d\gdiplus.dll
0x000007fefa7d0000 - 0x000007fefa88d000 	C:\Windows\system32\PortableDeviceApi.dll
0x000007fefcf30000 - 0x000007fefcf6a000 	C:\Windows\system32\WINTRUST.dll
0x000007fef6000000 - 0x000007fef6027000 	C:\Windows\system32\EhStorAPI.dll
0x000007fef6180000 - 0x000007fef618c000 	C:\Windows\system32\LINKINFO.dll
0x000007fef1ae0000 - 0x000007fef1c05000 	C:\Windows\system32\dbghelp.dll

VM Arguments:
jvm_args: -agentlib:jdwp=transport=dt_socket,suspend=y,address=localhost:2181 -Dfile.encoding=UTF-8 
java_command: com.start.ToolStart
Launcher Type: SUN_STANDARD

Environment Variables:
JAVA_HOME=D:\Program Files (x86)\Java\jdk1.7.0_45
PATH=C:\Windows\system32;C:\Windows;C:\Windows\System32\Wbem;C:\Windows\System32\WindowsPowerShell\v1.0\;C:\Program Files (x86)\Common Files\Thunder Network\KanKan\Codecs;C:\Program Files\Microsoft\Web Platform Installer\;C:\Program Files (x86)\Microsoft ASP.NET\ASP.NET Web Pages\v1.0\;C:\Program Files\Microsoft SQL Server\110\Tools\Binn\;C:\Program Files (x86)\Windows Kits\8.0\Windows Performance Toolkit\;C:\Program Files (x86)\Xoreax\IncrediBuild;TOMCAT_ HOME\bin;D:\Program Files (x86)\TortoiseSVN\bin;C:\Program Files\MySQL\MySQL Server 5.1\bin
USERNAME=Administrator
OS=Windows_NT
PROCESSOR_IDENTIFIER=Intel64 Family 6 Model 58 Stepping 9, GenuineIntel



---------------  S Y S T E M  ---------------

OS: Windows 7 , 64 bit Build 7601 Service Pack 1

CPU:total 8 (4 cores per cpu, 2 threads per core) family 6 model 58 stepping 9, cmov, cx8, fxsr, mmx, sse, sse2, sse3, ssse3, sse4.1, sse4.2, popcnt, avx, aes, erms, ht, tsc, tscinvbit, tscinv

Memory: 4k page, physical 8068556k(2812396k free), swap 16135252k(7821692k free)

vm_info: Java HotSpot(TM) 64-Bit Server VM (24.45-b08) for windows-amd64 JRE (1.7.0_45-b18), built on Oct  8 2013 05:47:22 by "java_re" with unknown MS VC++:1600

time: Fri Sep 26 15:11:37 2014
elapsed time: 18996 seconds

