#
# A fatal error has been detected by the Java Runtime Environment:
#
#  EXCEPTION_ACCESS_VIOLATION (0xc0000005) at pc=0x000000006484248b, pid=3080, tid=2604
#
# JRE version: Java(TM) SE Runtime Environment (7.0_45-b18) (build 1.7.0_45-b18)
# Java VM: Java HotSpot(TM) 64-Bit Server VM (24.45-b08 mixed mode windows-amd64 compressed oops)
# Problematic frame:
# V  [jvm.dll+0x14248b]
#
# Failed to write core dump. Minidumps are not enabled by default on client versions of Windows
#
# If you would like to submit a bug report, please visit:
#   http://bugreport.sun.com/bugreport/crash.jsp
#

---------------  T H R E A D  ---------------

Current thread (0x000000000c1b3000):  JavaThread "JDWP Transport Listener: dt_socket" daemon [_thread_in_vm, id=2604, stack(0x000000000db30000,0x000000000dc30000)]

siginfo: ExceptionCode=0xc0000005, reading address 0xffffffffffffffff

Registers:
RAX=0x000000000dc2f101, RBX=0x000000000c1b3000, RCX=0x656c626168637461, RDX=0x0000000000000000
RSP=0x000000000dc2f110, RBP=0x656c626168637461, RSI=0x000000000dc2f228, RDI=0x00000000025b8d40
R8 =0x000000000c1b3000, R9 =0x00000b4c01ba0006, R10=0x67617373654d6c65, R11=0x0000000016984801
R12=0x0000000000000000, R13=0x000000000249cea8, R14=0x0000000000000000, R15=0x0000000000000000
RIP=0x000000006484248b, EFLAGS=0x0000000000010202

Top of Stack: (sp=0x000000000dc2f110)
0x000000000dc2f110:   000000000c1b3000 000000000000000f
0x000000000dc2f120:   000000000dc2f1d8 00000000649e1039
0x000000000dc2f130:   000000000c1b3000 00000000649febe2
0x000000000dc2f140:   0000000000000099 0000000065658e89
0x000000000dc2f150:   0000000012d79d68 000000006566265a
0x000000000dc2f160:   000000000c1b3000 0000000000000000
0x000000000dc2f170:   0000000000000000 0000000000000000
0x000000000dc2f180:   656c626168637461 0000000065661751
0x000000000dc2f190:   000000000dc2f228 000000000dc2f200
0x000000000dc2f1a0:   0000000000000001 0000000012d79d68
0x000000000dc2f1b0:   656c626168637461 00000000656453b3
0x000000000dc2f1c0:   000000000dc2f2f0 0000000000000001
0x000000000dc2f1d0:   0000000000000001 0000000012d79d68
0x000000000dc2f1e0:   0000000000000009 0000000000000000
0x000000000dc2f1f0:   0000000000000000 0000000000000000
0x000000000dc2f200:   0000000000000001 0000000065645571 

Instructions: (pc=0x000000006484248b)
0x000000006484246b:   48 8b 5c 24 30 48 89 47 18 48 83 c4 20 5f c3 cc
0x000000006484247b:   cc cc cc cc cc 40 53 48 83 ec 20 48 85 c9 74 54
0x000000006484248b:   48 8b 19 48 85 db 74 4c 48 b8 fe fe fe fe fe fe
0x000000006484249b:   fe fe 48 3b d8 74 3d 80 3d 8f 87 60 00 00 74 15 


Register to memory mapping:

RAX=0x000000000dc2f101 is pointing into the stack for thread: 0x000000000c1b3000
RBX=0x000000000c1b3000 is a thread
RCX=0x656c626168637461 is an unknown value
RDX=0x0000000000000000 is an unknown value
RSP=0x000000000dc2f110 is pointing into the stack for thread: 0x000000000c1b3000
RBP=0x656c626168637461 is an unknown value
RSI=0x000000000dc2f228 is pointing into the stack for thread: 0x000000000c1b3000
RDI=0x00000000025b8d40 is an unknown value
R8 =0x000000000c1b3000 is a thread
R9 =0x00000b4c01ba0006 is an unknown value
R10=0x67617373654d6c65 is an unknown value
R11=0x0000000016984801 is an unknown value
R12=0x0000000000000000 is an unknown value
R13=0x000000000249cea8 is an unknown value
R14=0x0000000000000000 is an unknown value
R15=0x0000000000000000 is an unknown value


Stack: [0x000000000db30000,0x000000000dc30000],  sp=0x000000000dc2f110,  free space=1020k
Native frames: (J=compiled Java code, j=interpreted, Vv=VM code, C=native code)
V  [jvm.dll+0x14248b]


---------------  P R O C E S S  ---------------

Java Threads: ( => current thread )
  0x0000000012bdd800 JavaThread "Swing-Shell" daemon [_thread_blocked, id=4756, stack(0x0000000014ea0000,0x0000000014fa0000)]
  0x0000000012bd0800 JavaThread "TimerQueue" daemon [_thread_blocked, id=3356, stack(0x0000000014b40000,0x0000000014c40000)]
  0x00000000025be800 JavaThread "DestroyJavaVM" [_thread_blocked, id=4752, stack(0x0000000002600000,0x0000000002700000)]
  0x000000000c422000 JavaThread "AWT-EventQueue-0" [_thread_blocked, id=4672, stack(0x0000000013360000,0x0000000013460000)]
  0x000000000c351000 JavaThread "AWT-Windows" daemon [_thread_in_native, id=5632, stack(0x000000000e980000,0x000000000ea80000)]
  0x000000000c350000 JavaThread "AWT-Shutdown" [_thread_blocked, id=6692, stack(0x000000000e810000,0x000000000e910000)]
  0x000000000c34c800 JavaThread "Java2D Disposer" daemon [_thread_blocked, id=6244, stack(0x000000000e610000,0x000000000e710000)]
  0x000000000c1e0800 JavaThread "Service Thread" daemon [_thread_blocked, id=2568, stack(0x000000000e380000,0x000000000e480000)]
  0x000000000c1d9000 JavaThread "C2 CompilerThread1" daemon [_thread_blocked, id=5596, stack(0x000000000e1d0000,0x000000000e2d0000)]
  0x000000000c1d8800 JavaThread "C2 CompilerThread0" daemon [_thread_blocked, id=2536, stack(0x000000000dfc0000,0x000000000e0c0000)]
  0x000000000c1c6000 JavaThread "JDWP Command Reader" daemon [_thread_in_native, id=3660, stack(0x000000000de90000,0x000000000df90000)]
  0x000000000c1c3000 JavaThread "JDWP Event Helper Thread" daemon [_thread_blocked, id=7096, stack(0x000000000dc70000,0x000000000dd70000)]
=>0x000000000c1b3000 JavaThread "JDWP Transport Listener: dt_socket" daemon [_thread_in_vm, id=2604, stack(0x000000000db30000,0x000000000dc30000)]
  0x000000000c1ad000 JavaThread "Attach Listener" daemon [_thread_blocked, id=7120, stack(0x000000000d750000,0x000000000d850000)]
  0x000000000c1ac800 JavaThread "Signal Dispatcher" daemon [_thread_blocked, id=5584, stack(0x000000000d570000,0x000000000d670000)]
  0x000000000250a800 JavaThread "Finalizer" daemon [_thread_blocked, id=5944, stack(0x000000000d410000,0x000000000d510000)]
  0x000000000b0f0800 JavaThread "Reference Handler" daemon [_thread_blocked, id=5640, stack(0x000000000d270000,0x000000000d370000)]

Other Threads:
  0x000000000b0ed000 VMThread [stack: 0x000000000d130000,0x000000000d230000] [id=5500]
  0x000000000c1f3000 WatcherThread [stack: 0x000000000e500000,0x000000000e600000] [id=5628]

VM state:not at safepoint (normal execution)

VM Mutex/Monitor currently owned by a thread: None

Heap
 PSYoungGen      total 260608K, used 180253K [0x00000007d6f00000, 0x00000007e7400000, 0x0000000800000000)
  eden space 253952K, 70% used [0x00000007d6f00000,0x00000007e1d37438,0x00000007e6700000)
  from space 6656K, 27% used [0x00000007e6d80000,0x00000007e6f50000,0x00000007e7400000)
  to   space 6656K, 0% used [0x00000007e6700000,0x00000007e6700000,0x00000007e6d80000)
 ParOldGen       total 83968K, used 26479K [0x0000000784e00000, 0x000000078a000000, 0x00000007d6f00000)
  object space 83968K, 31% used [0x0000000784e00000,0x00000007867dbf88,0x000000078a000000)
 PSPermGen       total 21504K, used 17414K [0x000000077fc00000, 0x0000000781100000, 0x0000000784e00000)
  object space 21504K, 80% used [0x000000077fc00000,0x0000000780d01b68,0x0000000781100000)

Card table byte_map: [0x00000000057c0000,0x0000000005bd0000] byte_map_base: 0x0000000001bc2000

Polling page: 0x0000000001b50000

Code Cache  [0x0000000002700000, 0x0000000002970000, 0x0000000005700000)
 total_blobs=1133 nmethods=661 adapters=432 free_code_cache=46824Kb largest_free_block=47794368

Compilation events (10 events):
Event: 1449.304 Thread 0x000000000c1d8800  666             sun.awt.AWTAutoShutdown::notifyToolkitThreadBusy (8 bytes)
Event: 1449.304 Thread 0x000000000c1d8800 nmethod 666 0x0000000002962ed0 code [0x0000000002963020, 0x0000000002963088]
Event: 1449.508 Thread 0x000000000c1d9000  667             sun.awt.AWTAutoShutdown::notifyToolkitThreadFree (8 bytes)
Event: 1449.508 Thread 0x000000000c1d9000 nmethod 667 0x0000000002962c90 code [0x0000000002962de0, 0x0000000002962e48]
Event: 2442.151 Thread 0x000000000c1d8800  668             java.lang.Object::wait (6 bytes)
Event: 2442.152 Thread 0x000000000c1d8800 nmethod 668 0x0000000002962a10 code [0x0000000002962b60, 0x0000000002962be8]
Event: 2578.239 Thread 0x000000000c1d9000  669 % !         sun.awt.AWTAutoShutdown::run @ 40 (159 bytes)
Event: 2578.248 Thread 0x000000000c1d9000 nmethod 669% 0x0000000002965750 code [0x00000000029658e0, 0x0000000002965fb8]
Event: 2578.648 Thread 0x000000000c1d8800  670 % !         sun.awt.AWTAutoShutdown::run @ 20 (159 bytes)
Event: 2578.659 Thread 0x000000000c1d8800 nmethod 670% 0x00000000027efc90 code [0x00000000027efe20, 0x00000000027f0638]

GC Heap History (10 events):
Event: 8.920 GC heap before
{Heap before GC invocations=4 (full 0):
 PSYoungGen      total 36864K, used 36847K [0x00000007d6f00000, 0x00000007db700000, 0x0000000800000000)
  eden space 31744K, 100% used [0x00000007d6f00000,0x00000007d8e00000,0x00000007d8e00000)
  from space 5120K, 99% used [0x00000007d8e00000,0x00000007d92fbe90,0x00000007d9300000)
  to   space 5120K, 0% used [0x00000007db200000,0x00000007db200000,0x00000007db700000)
 ParOldGen       total 83968K, used 23167K [0x0000000784e00000, 0x000000078a000000, 0x00000007d6f00000)
  object space 83968K, 27% used [0x0000000784e00000,0x000000078649fcc8,0x000000078a000000)
 PSPermGen       total 21504K, used 16540K [0x000000077fc00000, 0x0000000781100000, 0x0000000784e00000)
  object space 21504K, 76% used [0x000000077fc00000,0x0000000780c27118,0x0000000781100000)
Event: 8.925 GC heap after
Heap after GC invocations=4 (full 0):
 PSYoungGen      total 68608K, used 3599K [0x00000007d6f00000, 0x00000007db700000, 0x0000000800000000)
  eden space 63488K, 0% used [0x00000007d6f00000,0x00000007d6f00000,0x00000007dad00000)
  from space 5120K, 70% used [0x00000007db200000,0x00000007db583e70,0x00000007db700000)
  to   space 5120K, 0% used [0x00000007dad00000,0x00000007dad00000,0x00000007db200000)
 ParOldGen       total 83968K, used 23175K [0x0000000784e00000, 0x000000078a000000, 0x00000007d6f00000)
  object space 83968K, 27% used [0x0000000784e00000,0x00000007864a1cc8,0x000000078a000000)
 PSPermGen       total 21504K, used 16540K [0x000000077fc00000, 0x0000000781100000, 0x0000000784e00000)
  object space 21504K, 76% used [0x000000077fc00000,0x0000000780c27118,0x0000000781100000)
}
Event: 9.183 GC heap before
{Heap before GC invocations=5 (full 0):
 PSYoungGen      total 68608K, used 67087K [0x00000007d6f00000, 0x00000007db700000, 0x0000000800000000)
  eden space 63488K, 100% used [0x00000007d6f00000,0x00000007dad00000,0x00000007dad00000)
  from space 5120K, 70% used [0x00000007db200000,0x00000007db583e70,0x00000007db700000)
  to   space 5120K, 0% used [0x00000007dad00000,0x00000007dad00000,0x00000007db200000)
 ParOldGen       total 83968K, used 23175K [0x0000000784e00000, 0x000000078a000000, 0x00000007d6f00000)
  object space 83968K, 27% used [0x0000000784e00000,0x00000007864a1cc8,0x000000078a000000)
 PSPermGen       total 21504K, used 16590K [0x000000077fc00000, 0x0000000781100000, 0x0000000784e00000)
  object space 21504K, 77% used [0x000000077fc00000,0x0000000780c33b60,0x0000000781100000)
Event: 9.189 GC heap after
Heap after GC invocations=5 (full 0):
 PSYoungGen      total 68608K, used 4079K [0x00000007d6f00000, 0x00000007df700000, 0x0000000800000000)
  eden space 63488K, 0% used [0x00000007d6f00000,0x00000007d6f00000,0x00000007dad00000)
  from space 5120K, 79% used [0x00000007dad00000,0x00000007db0fbe90,0x00000007db200000)
  to   space 6144K, 0% used [0x00000007df100000,0x00000007df100000,0x00000007df700000)
 ParOldGen       total 83968K, used 23183K [0x0000000784e00000, 0x000000078a000000, 0x00000007d6f00000)
  object space 83968K, 27% used [0x0000000784e00000,0x00000007864a3cc8,0x000000078a000000)
 PSPermGen       total 21504K, used 16590K [0x000000077fc00000, 0x0000000781100000, 0x0000000784e00000)
  object space 21504K, 77% used [0x000000077fc00000,0x0000000780c33b60,0x0000000781100000)
}
Event: 9.340 GC heap before
{Heap before GC invocations=6 (full 0):
 PSYoungGen      total 68608K, used 67567K [0x00000007d6f00000, 0x00000007df700000, 0x0000000800000000)
  eden space 63488K, 100% used [0x00000007d6f00000,0x00000007dad00000,0x00000007dad00000)
  from space 5120K, 79% used [0x00000007dad00000,0x00000007db0fbe90,0x00000007db200000)
  to   space 6144K, 0% used [0x00000007df100000,0x00000007df100000,0x00000007df700000)
 ParOldGen       total 83968K, used 23183K [0x0000000784e00000, 0x000000078a000000, 0x00000007d6f00000)
  object space 83968K, 27% used [0x0000000784e00000,0x00000007864a3cc8,0x000000078a000000)
 PSPermGen       total 21504K, used 16597K [0x000000077fc00000, 0x0000000781100000, 0x0000000784e00000)
  object space 21504K, 77% used [0x000000077fc00000,0x0000000780c356f8,0x0000000781100000)
Event: 9.344 GC heap after
Heap after GC invocations=6 (full 0):
 PSYoungGen      total 133120K, used 3464K [0x00000007d6f00000, 0x00000007df700000, 0x0000000800000000)
  eden space 126976K, 0% used [0x00000007d6f00000,0x00000007d6f00000,0x00000007deb00000)
  from space 6144K, 56% used [0x00000007df100000,0x00000007df462020,0x00000007df700000)
  to   space 6144K, 0% used [0x00000007deb00000,0x00000007deb00000,0x00000007df100000)
 ParOldGen       total 83968K, used 23255K [0x0000000784e00000, 0x000000078a000000, 0x00000007d6f00000)
  object space 83968K, 27% used [0x0000000784e00000,0x00000007864b5cd8,0x000000078a000000)
 PSPermGen       total 21504K, used 16597K [0x000000077fc00000, 0x0000000781100000, 0x0000000784e00000)
  object space 21504K, 77% used [0x000000077fc00000,0x0000000780c356f8,0x0000000781100000)
}
Event: 9.499 GC heap before
{Heap before GC invocations=7 (full 0):
 PSYoungGen      total 133120K, used 130440K [0x00000007d6f00000, 0x00000007df700000, 0x0000000800000000)
  eden space 126976K, 100% used [0x00000007d6f00000,0x00000007deb00000,0x00000007deb00000)
  from space 6144K, 56% used [0x00000007df100000,0x00000007df462020,0x00000007df700000)
  to   space 6144K, 0% used [0x00000007deb00000,0x00000007deb00000,0x00000007df100000)
 ParOldGen       total 83968K, used 23255K [0x0000000784e00000, 0x000000078a000000, 0x00000007d6f00000)
  object space 83968K, 27% used [0x0000000784e00000,0x00000007864b5cd8,0x000000078a000000)
 PSPermGen       total 21504K, used 16617K [0x000000077fc00000, 0x0000000781100000, 0x0000000784e00000)
  object space 21504K, 77% used [0x000000077fc00000,0x0000000780c3a6d8,0x0000000781100000)
Event: 9.503 GC heap after
Heap after GC invocations=7 (full 0):
 PSYoungGen      total 133120K, used 1056K [0x00000007d6f00000, 0x00000007e7400000, 0x0000000800000000)
  eden space 126976K, 0% used [0x00000007d6f00000,0x00000007d6f00000,0x00000007deb00000)
  from space 6144K, 17% used [0x00000007deb00000,0x00000007dec08000,0x00000007df100000)
  to   space 6656K, 0% used [0x00000007e6d80000,0x00000007e6d80000,0x00000007e7400000)
 ParOldGen       total 83968K, used 26447K [0x0000000784e00000, 0x000000078a000000, 0x00000007d6f00000)
  object space 83968K, 31% used [0x0000000784e00000,0x00000007867d3f88,0x000000078a000000)
 PSPermGen       total 21504K, used 16617K [0x000000077fc00000, 0x0000000781100000, 0x0000000784e00000)
  object space 21504K, 77% used [0x000000077fc00000,0x0000000780c3a6d8,0x0000000781100000)
}
Event: 9.669 GC heap before
{Heap before GC invocations=8 (full 0):
 PSYoungGen      total 133120K, used 128032K [0x00000007d6f00000, 0x00000007e7400000, 0x0000000800000000)
  eden space 126976K, 100% used [0x00000007d6f00000,0x00000007deb00000,0x00000007deb00000)
  from space 6144K, 17% used [0x00000007deb00000,0x00000007dec08000,0x00000007df100000)
  to   space 6656K, 0% used [0x00000007e6d80000,0x00000007e6d80000,0x00000007e7400000)
 ParOldGen       total 83968K, used 26447K [0x0000000784e00000, 0x000000078a000000, 0x00000007d6f00000)
  object space 83968K, 31% used [0x0000000784e00000,0x00000007867d3f88,0x000000078a000000)
 PSPermGen       total 21504K, used 16763K [0x000000077fc00000, 0x0000000781100000, 0x0000000784e00000)
  object space 21504K, 77% used [0x000000077fc00000,0x0000000780c5ecb8,0x0000000781100000)
Event: 9.672 GC heap after
Heap after GC invocations=8 (full 0):
 PSYoungGen      total 260608K, used 1856K [0x00000007d6f00000, 0x00000007e7400000, 0x0000000800000000)
  eden space 253952K, 0% used [0x00000007d6f00000,0x00000007d6f00000,0x00000007e6700000)
  from space 6656K, 27% used [0x00000007e6d80000,0x00000007e6f50000,0x00000007e7400000)
  to   space 6656K, 0% used [0x00000007e6700000,0x00000007e6700000,0x00000007e6d80000)
 ParOldGen       total 83968K, used 26479K [0x0000000784e00000, 0x000000078a000000, 0x00000007d6f00000)
  object space 83968K, 31% used [0x0000000784e00000,0x00000007867dbf88,0x000000078a000000)
 PSPermGen       total 21504K, used 16763K [0x000000077fc00000, 0x0000000781100000, 0x0000000784e00000)
  object space 21504K, 77% used [0x000000077fc00000,0x0000000780c5ecb8,0x0000000781100000)
}

Deoptimization events (10 events):
Event: 9.577 Thread 0x000000000c422000 Uncommon trap: reason=unreached action=reinterpret pc=0x0000000002840a18 method=java.util.TreeMap.getEntry(Ljava/lang/Object;)Ljava/util/TreeMap$Entry; @ 36
Event: 9.577 Thread 0x000000000c422000 Uncommon trap: reason=unreached action=reinterpret pc=0x00000000028411e0 method=java.util.TreeMap.getEntry(Ljava/lang/Object;)Ljava/util/TreeMap$Entry; @ 36
Event: 9.577 Thread 0x000000000c422000 Uncommon trap: reason=unreached action=reinterpret pc=0x0000000002805148 method=java.util.TreeMap.getEntry(Ljava/lang/Object;)Ljava/util/TreeMap$Entry; @ 36
Event: 9.607 Thread 0x000000000c422000 Uncommon trap: reason=unreached action=reinterpret pc=0x000000000282aadc method=org.apache.poi.hssf.record.RecordFactoryInputStream.readNextRecord()Lorg/apache/poi/hssf/record/Record; @ 315
Event: 9.712 Thread 0x000000000c422000 Uncommon trap: reason=class_check action=maybe_recompile pc=0x0000000002843938 method=java.util.HashMap.put(Ljava/lang/Object;Ljava/lang/Object;)Ljava/lang/Object; @ 105
Event: 10.130 Thread 0x000000000c422000 Uncommon trap: reason=class_check action=maybe_recompile pc=0x000000000293dd10 method=java.util.concurrent.ConcurrentHashMap.get(Ljava/lang/Object;)Ljava/lang/Object; @ 117
Event: 10.130 Thread 0x000000000c422000 Uncommon trap: reason=class_check action=maybe_recompile pc=0x000000000293dd10 method=java.util.concurrent.ConcurrentHashMap.get(Ljava/lang/Object;)Ljava/lang/Object; @ 117
Event: 10.138 Thread 0x000000000c422000 Uncommon trap: reason=class_check action=maybe_recompile pc=0x000000000293dd10 method=java.util.concurrent.ConcurrentHashMap.get(Ljava/lang/Object;)Ljava/lang/Object; @ 117
Event: 10.138 Thread 0x000000000c422000 Uncommon trap: reason=class_check action=maybe_recompile pc=0x000000000293dd10 method=java.util.concurrent.ConcurrentHashMap.get(Ljava/lang/Object;)Ljava/lang/Object; @ 117
Event: 10.145 Thread 0x000000000c422000 Uncommon trap: reason=class_check action=maybe_recompile pc=0x000000000284b2e4 method=java.util.AbstractCollection.isEmpty()Z @ 1

Internal exceptions (10 events):
Event: 9.610 Thread 0x000000000c422000 Threw 0x00000007db65eda0 at C:\re\jdk7u45\229\hotspot\src\share\vm\prims\jvm.cpp:1244
Event: 9.610 Thread 0x000000000c422000 Threw 0x00000007db667ca8 at C:\re\jdk7u45\229\hotspot\src\share\vm\prims\jvm.cpp:1244
Event: 9.610 Thread 0x000000000c422000 Threw 0x00000007db670b60 at C:\re\jdk7u45\229\hotspot\src\share\vm\prims\jvm.cpp:1244
Event: 9.611 Thread 0x000000000c422000 Threw 0x00000007db674930 at C:\re\jdk7u45\229\hotspot\src\share\vm\prims\jvm.cpp:1244
Event: 9.611 Thread 0x000000000c422000 Threw 0x00000007db678290 at C:\re\jdk7u45\229\hotspot\src\share\vm\prims\jvm.cpp:1244
Event: 9.611 Thread 0x000000000c422000 Threw 0x00000007db67c200 at C:\re\jdk7u45\229\hotspot\src\share\vm\prims\jvm.cpp:1244
Event: 9.611 Thread 0x000000000c422000 Threw 0x00000007db6825b0 at C:\re\jdk7u45\229\hotspot\src\share\vm\prims\jvm.cpp:1244
Event: 9.612 Thread 0x000000000c422000 Threw 0x00000007db6863c0 at C:\re\jdk7u45\229\hotspot\src\share\vm\prims\jvm.cpp:1244
Event: 9.851 Thread 0x000000000c422000 Threw 0x00000007e1615f68 at C:\re\jdk7u45\229\hotspot\src\share\vm\prims\jvm.cpp:1244
Event: 10.127 Thread 0x000000000c422000 Threw 0x00000007e161d580 at C:\re\jdk7u45\229\hotspot\src\share\vm\prims\jvm.cpp:1244

Events (10 events):
Event: 18898.607 Executing VM operation: RedefineClasses
Event: 18898.609 Executing VM operation: RedefineClasses done
Event: 18898.615 Executing VM operation: ChangeBreakpoints
Event: 18898.615 Executing VM operation: ChangeBreakpoints done
Event: 18907.176 Executing VM operation: RedefineClasses
Event: 18907.178 Executing VM operation: RedefineClasses done
Event: 18916.166 Executing VM operation: RedefineClasses
Event: 18916.168 Executing VM operation: RedefineClasses done
Event: 18966.384 Executing VM operation: RedefineClasses
Event: 18966.386 Executing VM operation: RedefineClasses done


Dynamic libraries:
0x000000013f3c0000 - 0x000000013f3f3000 	D:\Program Files (x86)\Java\jre7\bin\javaw.exe
0x0000000077020000 - 0x00000000771c9000 	C:\Windows\SYSTEM32\ntdll.dll
0x0000000076e00000 - 0x0000000076f1f000 	C:\Windows\system32\kernel32.dll
0x000007fefce90000 - 0x000007fefcefb000 	C:\Windows\system32\KERNELBASE.dll
0x000007fefd680000 - 0x000007fefd75b000 	C:\Windows\system32\ADVAPI32.dll
0x000007fefd4c0000 - 0x000007fefd55f000 	C:\Windows\system32\msvcrt.dll
0x000007fefea10000 - 0x000007fefea2f000 	C:\Windows\SYSTEM32\sechost.dll
0x000007fefec10000 - 0x000007fefed3d000 	C:\Windows\system32\RPCRT4.dll
0x0000000076f20000 - 0x000000007701a000 	C:\Windows\system32\USER32.dll
0x000007fefd1b0000 - 0x000007fefd217000 	C:\Windows\system32\GDI32.dll
0x000007fefea80000 - 0x000007fefea8e000 	C:\Windows\system32\LPK.dll
0x000007fefeb30000 - 0x000007fefebf9000 	C:\Windows\system32\USP10.dll
0x000007fefb5e0000 - 0x000007fefb7d4000 	C:\Windows\WinSxS\amd64_microsoft.windows.common-controls_6595b64144ccf1df_6.0.7601.17514_none_fa396087175ac9ac\COMCTL32.dll
0x000007fefd560000 - 0x000007fefd5d1000 	C:\Windows\system32\SHLWAPI.dll
0x000007fefd490000 - 0x000007fefd4be000 	C:\Windows\system32\IMM32.DLL
0x000007fefede0000 - 0x000007fefeee9000 	C:\Windows\system32\MSCTF.dll
0x0000000065d10000 - 0x0000000065de2000 	D:\Program Files (x86)\Java\jre7\bin\msvcr100.dll
0x0000000064700000 - 0x0000000064ec9000 	D:\Program Files (x86)\Java\jre7\bin\server\jvm.dll
0x000007fefb5b0000 - 0x000007fefb5b9000 	C:\Windows\system32\WSOCK32.dll
0x000007fefea30000 - 0x000007fefea7d000 	C:\Windows\system32\WS2_32.dll
0x000007fefec00000 - 0x000007fefec08000 	C:\Windows\system32\NSI.dll
0x000007fefcfd0000 - 0x000007fefd00b000 	C:\Windows\system32\WINMM.dll
0x00000000771e0000 - 0x00000000771e7000 	C:\Windows\system32\PSAPI.DLL
0x0000000068a50000 - 0x0000000068a5f000 	D:\Program Files (x86)\Java\jre7\bin\verify.dll
0x0000000065ea0000 - 0x0000000065ec8000 	D:\Program Files (x86)\Java\jre7\bin\java.dll
0x0000000065640000 - 0x0000000065675000 	D:\Program Files (x86)\Java\jre7\bin\jdwp.dll
0x0000000074220000 - 0x0000000074228000 	D:\Program Files (x86)\Java\jre7\bin\npt.dll
0x0000000068a30000 - 0x0000000068a45000 	D:\Program Files (x86)\Java\jre7\bin\zip.dll
0x0000000065820000 - 0x0000000065829000 	D:\Program Files (x86)\Java\jre7\bin\dt_socket.dll
0x000007fefb040000 - 0x000007fefb055000 	C:\Windows\system32\NLAapi.dll
0x000007fef82e0000 - 0x000007fef82f5000 	C:\Windows\system32\napinsp.dll
0x000007fef82c0000 - 0x000007fef82d9000 	C:\Windows\system32\pnrpnsp.dll
0x000007fefc570000 - 0x000007fefc5c5000 	C:\Windows\System32\mswsock.dll
0x000007fefc3f0000 - 0x000007fefc44b000 	C:\Windows\system32\DNSAPI.dll
0x000007fef82b0000 - 0x000007fef82bb000 	C:\Windows\System32\winrnr.dll
0x000007fefaa70000 - 0x000007fefaa97000 	C:\Windows\system32\IPHLPAPI.DLL
0x000007fefaa60000 - 0x000007fefaa6b000 	C:\Windows\system32\WINNSI.DLL
0x000007fefa440000 - 0x000007fefa493000 	C:\Windows\System32\fwpuclnt.dll
0x000007fef5d80000 - 0x000007fef5d88000 	C:\Windows\system32\rasadhlp.dll
0x000007fefbf70000 - 0x000007fefbf77000 	C:\Windows\System32\wshtcpip.dll
0x00000000654a0000 - 0x0000000065635000 	D:\Program Files (x86)\Java\jre7\bin\awt.dll
0x000007fefe930000 - 0x000007fefea07000 	C:\Windows\system32\OLEAUT32.dll
0x000007fefd220000 - 0x000007fefd423000 	C:\Windows\system32\ole32.dll
0x000007fefcfb0000 - 0x000007fefcfc8000 	C:\Windows\system32\DWMAPI.DLL
0x000007fefb500000 - 0x000007fefb556000 	C:\Windows\system32\uxtheme.dll
0x000007fefcbd0000 - 0x000007fefcc27000 	C:\Windows\system32\apphelp.dll
0x000007fef9500000 - 0x000007fef9aea000 	C:\Windows\system32\SOGOUPY.IME
0x000007fefa630000 - 0x000007fefa637000 	C:\Windows\system32\MSIMG32.dll
0x000007fefa700000 - 0x000007fefa754000 	C:\Windows\system32\OLEACC.dll
0x000007fefbea0000 - 0x000007fefbeac000 	C:\Windows\system32\VERSION.dll
0x000007fefda10000 - 0x000007fefe798000 	C:\Windows\system32\SHELL32.dll
0x000007fefcc30000 - 0x000007fefcc3f000 	C:\Windows\system32\CRYPTBASE.dll
0x0000000006630000 - 0x0000000006643000 	C:\Program Files (x86)\Dict\6.2.54.8018\WordStrokeHelper64.dll
0x0000000065450000 - 0x0000000065496000 	D:\Program Files (x86)\Java\jre7\bin\fontmanager.dll
0x00000000142b0000 - 0x000000001468e000 	C:\Program Files (x86)\SogouInput\7.1.0.1618\Resource.dll
0x0000000065e80000 - 0x0000000065e99000 	D:\Program Files (x86)\Java\jre7\bin\net.dll
0x000007fefc560000 - 0x000007fefc567000 	C:\Windows\System32\wship6.dll
0x0000000065e60000 - 0x0000000065e71000 	D:\Program Files (x86)\Java\jre7\bin\nio.dll
0x0000000065400000 - 0x0000000065441000 	D:\Program Files (x86)\Java\jre7\bin\t2k.dll
0x000007fefea90000 - 0x000007fefeb29000 	C:\Windows\system32\CLBCatQ.DLL
0x000007fefaac0000 - 0x000007fefabea000 	C:\Windows\system32\WindowsCodecs.dll
0x0000000072930000 - 0x0000000072946000 	C:\Program Files\Common Files\TortoiseOverlays\TortoiseOverlays.dll
0x0000000072910000 - 0x0000000072927000 	D:\Program Files (x86)\TortoiseSVN\bin\TortoiseStub.dll
0x0000000072890000 - 0x000000007290d000 	D:\Program Files (x86)\TortoiseSVN\bin\TortoiseSVN.dll
0x000007fefd8e0000 - 0x000007fefda0a000 	C:\Windows\system32\WININET.dll
0x000007fefd760000 - 0x000007fefd8d9000 	C:\Windows\system32\urlmon.dll
0x000007fefd040000 - 0x000007fefd1ac000 	C:\Windows\system32\CRYPT32.dll
0x000007fefcde0000 - 0x000007fefcdef000 	C:\Windows\system32\MSASN1.dll
0x000007feff0d0000 - 0x000007feff32c000 	C:\Windows\system32\iertutil.dll
0x000007fef8720000 - 0x000007fef8b93000 	D:\Program Files (x86)\TortoiseSVN\bin\libsvn_tsvn.dll
0x0000000072860000 - 0x000000007288e000 	D:\Program Files (x86)\TortoiseSVN\bin\libapr_tsvn.dll
0x000007fef8640000 - 0x000007fef8714000 	C:\Windows\system32\MSVCR110.dll
0x0000000072810000 - 0x0000000072855000 	D:\Program Files (x86)\TortoiseSVN\bin\libaprutil_tsvn.dll
0x000007fefd430000 - 0x000007fefd482000 	C:\Windows\system32\WLDAP32.dll
0x000007fef8620000 - 0x000007fef8631000 	D:\Program Files (x86)\TortoiseSVN\bin\intl3_tsvn.dll
0x000007fef8600000 - 0x000007fef8619000 	D:\Program Files (x86)\TortoiseSVN\bin\libsasl.dll
0x000007fefc870000 - 0x000007fefc87b000 	C:\Windows\system32\Secur32.dll
0x000007fefcba0000 - 0x000007fefcbc5000 	C:\Windows\system32\SSPICLI.DLL
0x000007fefa580000 - 0x000007fefa627000 	C:\Windows\system32\MSVCP110.dll
0x000007fef84d0000 - 0x000007fef850a000 	C:\Program Files (x86)\360\360safe\safemon\360UDiskGuard64.dll
0x000007fefeef0000 - 0x000007feff0c7000 	C:\Windows\system32\SETUPAPI.dll
0x000007fefcf70000 - 0x000007fefcfa6000 	C:\Windows\system32\CFGMGR32.dll
0x000007fefcf00000 - 0x000007fefcf1a000 	C:\Windows\system32\DEVOBJ.dll
0x000007fef8490000 - 0x000007fef84c5000 	C:\Windows\system32\EhStorShell.dll
0x000007fefb7e0000 - 0x000007fefb90c000 	C:\Windows\system32\PROPSYS.dll
0x000007fef8410000 - 0x000007fef848e000 	C:\Windows\System32\cscui.dll
0x000007fefa570000 - 0x000007fefa57c000 	C:\Windows\System32\CSCDLL.dll
0x000007fef8400000 - 0x000007fef840f000 	C:\Windows\system32\CSCAPI.dll
0x000007fef5d90000 - 0x000007fef5e10000 	C:\Windows\system32\ntshrui.dll
0x000007fefc7d0000 - 0x000007fefc7f3000 	C:\Windows\system32\srvcli.dll
0x000007fefafb0000 - 0x000007fefafbb000 	C:\Windows\system32\slc.dll
0x000007fef2840000 - 0x000007fef28e0000 	C:\Windows\WinSxS\amd64_microsoft.windows.common-controls_6595b64144ccf1df_5.82.7601.18201_none_a4d3b9377117c3df\comctl32.dll
0x000007feef1d0000 - 0x000007feef36c000 	C:\Windows\system32\NetworkExplorer.dll
0x000007fefaef0000 - 0x000007fefaf1d000 	C:\Windows\system32\ntmarta.dll
0x000007fef6120000 - 0x000007fef6154000 	C:\Windows\System32\shdocvw.dll
0x000007fefcd40000 - 0x000007fefcd4f000 	C:\Windows\system32\profapi.dll
0x000007fef9150000 - 0x000007fef9168000 	C:\Windows\system32\MPR.dll
0x000007fefb5c0000 - 0x000007fefb5ca000 	C:\Windows\System32\drprov.dll
0x000007fefcce0000 - 0x000007fefcd1d000 	C:\Windows\System32\WINSTA.dll
0x000007fefb580000 - 0x000007fefb5a2000 	C:\Windows\System32\ntlanman.dll
0x000007fef60b0000 - 0x000007fef60cc000 	C:\Windows\System32\davclnt.dll
0x000007fefa6f0000 - 0x000007fefa6fa000 	C:\Windows\System32\DAVHLPR.dll
0x000007fefa8f0000 - 0x000007fefa905000 	C:\Windows\system32\wkscli.dll
0x000007fefa910000 - 0x000007fefa91c000 	C:\Windows\system32\netutils.dll
0x000007feee870000 - 0x000007feeeae1000 	C:\Windows\system32\wpdshext.dll
0x000007fefb2e0000 - 0x000007fefb4f6000 	C:\Windows\WinSxS\amd64_microsoft.windows.gdiplus_6595b64144ccf1df_1.1.7601.18455_none_2b283fd671e9bf4d\gdiplus.dll
0x000007fefa7d0000 - 0x000007fefa88d000 	C:\Windows\system32\PortableDeviceApi.dll
0x000007fefcf30000 - 0x000007fefcf6a000 	C:\Windows\system32\WINTRUST.dll
0x000007fef6000000 - 0x000007fef6027000 	C:\Windows\system32\EhStorAPI.dll
0x000007fef6180000 - 0x000007fef618c000 	C:\Windows\system32\LINKINFO.dll
0x000007fef1ae0000 - 0x000007fef1c05000 	C:\Windows\system32\dbghelp.dll

VM Arguments:
jvm_args: -agentlib:jdwp=transport=dt_socket,suspend=y,address=localhost:2187 -Dfile.encoding=UTF-8 
java_command: com.start.ToolStart
Launcher Type: SUN_STANDARD

Environment Variables:
JAVA_HOME=D:\Program Files (x86)\Java\jdk1.7.0_45
PATH=C:\Windows\system32;C:\Windows;C:\Windows\System32\Wbem;C:\Windows\System32\WindowsPowerShell\v1.0\;C:\Program Files (x86)\Common Files\Thunder Network\KanKan\Codecs;C:\Program Files\Microsoft\Web Platform Installer\;C:\Program Files (x86)\Microsoft ASP.NET\ASP.NET Web Pages\v1.0\;C:\Program Files\Microsoft SQL Server\110\Tools\Binn\;C:\Program Files (x86)\Windows Kits\8.0\Windows Performance Toolkit\;C:\Program Files (x86)\Xoreax\IncrediBuild;TOMCAT_ HOME\bin;D:\Program Files (x86)\TortoiseSVN\bin;C:\Program Files\MySQL\MySQL Server 5.1\bin
USERNAME=Administrator
OS=Windows_NT
PROCESSOR_IDENTIFIER=Intel64 Family 6 Model 58 Stepping 9, GenuineIntel



---------------  S Y S T E M  ---------------

OS: Windows 7 , 64 bit Build 7601 Service Pack 1

CPU:total 8 (4 cores per cpu, 2 threads per core) family 6 model 58 stepping 9, cmov, cx8, fxsr, mmx, sse, sse2, sse3, ssse3, sse4.1, sse4.2, popcnt, avx, aes, erms, ht, tsc, tscinvbit, tscinv

Memory: 4k page, physical 8068556k(3085204k free), swap 16135252k(7822768k free)

vm_info: Java HotSpot(TM) 64-Bit Server VM (24.45-b08) for windows-amd64 JRE (1.7.0_45-b18), built on Oct  8 2013 05:47:22 by "java_re" with unknown MS VC++:1600

time: Fri Sep 26 15:11:38 2014
elapsed time: 18966 seconds

