#
# A fatal error has been detected by the Java Runtime Environment:
#
#  EXCEPTION_ACCESS_VIOLATION (0xc0000005) at pc=0x000000006484248b, pid=5428, tid=8044
#
# JRE version: Java(TM) SE Runtime Environment (7.0_45-b18) (build 1.7.0_45-b18)
# Java VM: Java HotSpot(TM) 64-Bit Server VM (24.45-b08 mixed mode windows-amd64 compressed oops)
# Problematic frame:
# V  [jvm.dll+0x14248b]
#
# Failed to write core dump. Minidumps are not enabled by default on client versions of Windows
#
# If you would like to submit a bug report, please visit:
#   http://bugreport.sun.com/bugreport/crash.jsp
#

---------------  T H R E A D  ---------------

Current thread (0x000000000c243000):  JavaThread "JDWP Transport Listener: dt_socket" daemon [_thread_in_vm, id=8044, stack(0x000000000e210000,0x000000000e310000)]

siginfo: ExceptionCode=0xc0000005, reading address 0xffffffffffffffff

Registers:
RAX=0x000000000e30f301, RBX=0x000000000c243000, RCX=0x7473694c65676e00, RDX=0x0000000000000000
RSP=0x000000000e30f330, RBP=0x7473694c65676e00, RSI=0x000000000e30f448, RDI=0x0000000000478d40
R8 =0x000000000c243000, R9 =0x00000a3c01ba0006, R10=0x67617373654d6c65, R11=0x00000000131c0981
R12=0x0000000000000000, R13=0x000000000260cea8, R14=0x0000000000000000, R15=0x0000000000000000
RIP=0x000000006484248b, EFLAGS=0x0000000000010206

Top of Stack: (sp=0x000000000e30f330)
0x000000000e30f330:   000000000c243000 000000000000000f
0x000000000e30f340:   000000000e30f3f8 00000000649e1039
0x000000000e30f350:   000000000c243000 00000000649febe2
0x000000000e30f360:   0000000000000099 0000000065658e89
0x000000000e30f370:   0000000012cde9a0 000000006566265a
0x000000000e30f380:   000000000c243000 0000000000000000
0x000000000e30f390:   0000000000000000 0000000000000000
0x000000000e30f3a0:   7473694c65676e00 0000000065661751
0x000000000e30f3b0:   000000000e30f448 000000000e30f420
0x000000000e30f3c0:   0000000000000001 0000000012cde9a0
0x000000000e30f3d0:   7473694c65676e00 00000000656453b3
0x000000000e30f3e0:   000000000e30f510 0000000000000001
0x000000000e30f3f0:   0000000000000001 0000000012cde9a0
0x000000000e30f400:   0000000000000009 0000000000000000
0x000000000e30f410:   0000000000000000 0000000000000000
0x000000000e30f420:   0000000000000001 0000000065645571 

Instructions: (pc=0x000000006484248b)
0x000000006484246b:   48 8b 5c 24 30 48 89 47 18 48 83 c4 20 5f c3 cc
0x000000006484247b:   cc cc cc cc cc 40 53 48 83 ec 20 48 85 c9 74 54
0x000000006484248b:   48 8b 19 48 85 db 74 4c 48 b8 fe fe fe fe fe fe
0x000000006484249b:   fe fe 48 3b d8 74 3d 80 3d 8f 87 60 00 00 74 15 


Register to memory mapping:

RAX=0x000000000e30f301 is pointing into the stack for thread: 0x000000000c243000
RBX=0x000000000c243000 is a thread
RCX=0x7473694c65676e00 is an unknown value
RDX=0x0000000000000000 is an unknown value
RSP=0x000000000e30f330 is pointing into the stack for thread: 0x000000000c243000
RBP=0x7473694c65676e00 is an unknown value
RSI=0x000000000e30f448 is pointing into the stack for thread: 0x000000000c243000
RDI=0x0000000000478d40 is an unknown value
R8 =0x000000000c243000 is a thread
R9 =0x00000a3c01ba0006 is an unknown value
R10=0x67617373654d6c65 is an unknown value
R11=0x00000000131c0981 is an unknown value
R12=0x0000000000000000 is an unknown value
R13=0x000000000260cea8 is an unknown value
R14=0x0000000000000000 is an unknown value
R15=0x0000000000000000 is an unknown value


Stack: [0x000000000e210000,0x000000000e310000],  sp=0x000000000e30f330,  free space=1020k
Native frames: (J=compiled Java code, j=interpreted, Vv=VM code, C=native code)
V  [jvm.dll+0x14248b]

[error occurred during error reporting (printing native stack), id 0xc0000005]


---------------  P R O C E S S  ---------------

Java Threads: ( => current thread )
  0x000000000c3ce000 JavaThread "Swing-Shell" daemon [_thread_blocked, id=6336, stack(0x00000000125b0000,0x00000000126b0000)]
  0x000000000c3cd000 JavaThread "TimerQueue" daemon [_thread_blocked, id=8148, stack(0x0000000012330000,0x0000000012430000)]
  0x000000000c3cc000 JavaThread "DestroyJavaVM" [_thread_blocked, id=6272, stack(0x00000000026a0000,0x00000000027a0000)]
  0x000000000c3cb800 JavaThread "AWT-EventQueue-0" [_thread_blocked, id=8164, stack(0x0000000013430000,0x0000000013530000)]
  0x000000000c3ca000 JavaThread "AWT-Windows" daemon [_thread_in_native, id=7332, stack(0x000000000e970000,0x000000000ea70000)]
  0x000000000c3c9000 JavaThread "AWT-Shutdown" [_thread_blocked, id=6592, stack(0x000000000da80000,0x000000000db80000)]
  0x000000000c3c8800 JavaThread "Java2D Disposer" daemon [_thread_blocked, id=6176, stack(0x000000000e7c0000,0x000000000e8c0000)]
  0x000000000c278800 JavaThread "Service Thread" daemon [_thread_blocked, id=7324, stack(0x000000000e520000,0x000000000e620000)]
  0x000000000c269800 JavaThread "C2 CompilerThread1" daemon [_thread_blocked, id=7144, stack(0x000000000e400000,0x000000000e500000)]
  0x000000000c268800 JavaThread "C2 CompilerThread0" daemon [_thread_blocked, id=7372, stack(0x000000000e010000,0x000000000e110000)]
  0x000000000c256000 JavaThread "JDWP Command Reader" daemon [_thread_in_native, id=4504, stack(0x000000000d3b0000,0x000000000d4b0000)]
  0x000000000c253000 JavaThread "JDWP Event Helper Thread" daemon [_thread_blocked, id=6736, stack(0x000000000d900000,0x000000000da00000)]
=>0x000000000c243000 JavaThread "JDWP Transport Listener: dt_socket" daemon [_thread_in_vm, id=8044, stack(0x000000000e210000,0x000000000e310000)]
  0x000000000b2ad000 JavaThread "Attach Listener" daemon [_thread_blocked, id=7996, stack(0x000000000d190000,0x000000000d290000)]
  0x000000000b2af800 JavaThread "Signal Dispatcher" daemon [_thread_blocked, id=8120, stack(0x000000000d7e0000,0x000000000d8e0000)]
  0x000000000267a800 JavaThread "Finalizer" daemon [_thread_blocked, id=7532, stack(0x000000000d640000,0x000000000d740000)]
  0x0000000002679800 JavaThread "Reference Handler" daemon [_thread_blocked, id=7640, stack(0x000000000d4b0000,0x000000000d5b0000)]

Other Threads:
  0x000000000b28e000 VMThread [stack: 0x000000000d2b0000,0x000000000d3b0000] [id=6240]
  0x000000000c285800 WatcherThread [stack: 0x000000000e6b0000,0x000000000e7b0000] [id=8112]

VM state:not at safepoint (normal execution)

VM Mutex/Monitor currently owned by a thread: None

Heap
 PSYoungGen      total 36864K, used 12399K [0x00000007d6f00000, 0x00000007d9800000, 0x0000000800000000)
  eden space 31744K, 25% used [0x00000007d6f00000,0x00000007d76fff40,0x00000007d8e00000)
  from space 5120K, 82% used [0x00000007d8e00000,0x00000007d921be40,0x00000007d9300000)
  to   space 5120K, 0% used [0x00000007d9300000,0x00000007d9300000,0x00000007d9800000)
 ParOldGen       total 83968K, used 22908K [0x0000000784e00000, 0x000000078a000000, 0x00000007d6f00000)
  object space 83968K, 27% used [0x0000000784e00000,0x000000078645f308,0x000000078a000000)
 PSPermGen       total 21504K, used 15383K [0x000000077fc00000, 0x0000000781100000, 0x0000000784e00000)
  object space 21504K, 71% used [0x000000077fc00000,0x0000000780b05d68,0x0000000781100000)

Card table byte_map: [0x0000000005860000,0x0000000005c70000] byte_map_base: 0x0000000001c62000

Polling page: 0x0000000000420000

Code Cache  [0x00000000027a0000, 0x0000000002a10000, 0x00000000057a0000)
 total_blobs=588 nmethods=139 adapters=409 free_code_cache=48311Kb largest_free_block=49440512

Compilation events (10 events):
Event: 38.832 Thread 0x000000000c268800  136             java.awt.Toolkit$SelectiveAWTEventListener::eventDispatched (745 bytes)
Event: 38.845 Thread 0x000000000c268800 nmethod 136 0x0000000002874510 code [0x00000000028746c0, 0x0000000002875228]
Event: 38.919 Thread 0x000000000c269800  137             sun.awt.AWTAutoShutdown::isReadyToShutdown (35 bytes)
Event: 38.921 Thread 0x000000000c269800 nmethod 137 0x000000000286fa90 code [0x000000000286fbe0, 0x000000000286fd08]
Event: 40.680 Thread 0x000000000c268800  138             org.apache.poi.poifs.filesystem.ODocumentInputStream::readUShort (82 bytes)
Event: 40.680 Thread 0x000000000c269800  139             org.apache.poi.poifs.storage.DataInputBlock::readUShortLE (47 bytes)
Event: 40.681 Thread 0x000000000c269800 nmethod 139 0x0000000002871050 code [0x00000000028711a0, 0x00000000028712b8]
Event: 40.684 Thread 0x000000000c268800 nmethod 138 0x0000000002870850 code [0x00000000028709c0, 0x0000000002870d08]
Event: 118.122 Thread 0x000000000c269800  140   !         sun.awt.AWTAutoShutdown::setToolkitBusy (124 bytes)
Event: 118.132 Thread 0x000000000c269800 nmethod 140 0x0000000002871690 code [0x0000000002871840, 0x0000000002872450]

GC Heap History (2 events):
Event: 9.451 GC heap before
{Heap before GC invocations=1 (full 0):
 PSYoungGen      total 36864K, used 31744K [0x00000007d6f00000, 0x00000007d9800000, 0x0000000800000000)
  eden space 31744K, 100% used [0x00000007d6f00000,0x00000007d8e00000,0x00000007d8e00000)
  from space 5120K, 0% used [0x00000007d9300000,0x00000007d9300000,0x00000007d9800000)
  to   space 5120K, 0% used [0x00000007d8e00000,0x00000007d8e00000,0x00000007d9300000)
 ParOldGen       total 83968K, used 0K [0x0000000784e00000, 0x000000078a000000, 0x00000007d6f00000)
  object space 83968K, 0% used [0x0000000784e00000,0x0000000784e00000,0x000000078a000000)
 PSPermGen       total 21504K, used 13542K [0x000000077fc00000, 0x0000000781100000, 0x0000000784e00000)
  object space 21504K, 62% used [0x000000077fc00000,0x0000000780939b60,0x0000000781100000)
Event: 9.461 GC heap after
Heap after GC invocations=1 (full 0):
 PSYoungGen      total 36864K, used 4207K [0x00000007d6f00000, 0x00000007d9800000, 0x0000000800000000)
  eden space 31744K, 0% used [0x00000007d6f00000,0x00000007d6f00000,0x00000007d8e00000)
  from space 5120K, 82% used [0x00000007d8e00000,0x00000007d921be40,0x00000007d9300000)
  to   space 5120K, 0% used [0x00000007d9300000,0x00000007d9300000,0x00000007d9800000)
 ParOldGen       total 83968K, used 22908K [0x0000000784e00000, 0x000000078a000000, 0x00000007d6f00000)
  object space 83968K, 27% used [0x0000000784e00000,0x000000078645f308,0x000000078a000000)
 PSPermGen       total 21504K, used 13542K [0x000000077fc00000, 0x0000000781100000, 0x0000000784e00000)
  object space 21504K, 62% used [0x000000077fc00000,0x0000000780939b60,0x0000000781100000)
}

Deoptimization events (10 events):
Event: 1.861 Thread 0x000000000c3cb800 Uncommon trap: reason=class_check action=maybe_recompile pc=0x000000000282264c method=java.lang.String.equals(Ljava/lang/Object;)Z @ 8
Event: 1.864 Thread 0x000000000c3cb800 Uncommon trap: reason=class_check action=maybe_recompile pc=0x000000000282264c method=java.lang.String.equals(Ljava/lang/Object;)Z @ 8
Event: 1.864 Thread 0x000000000c3cb800 Uncommon trap: reason=class_check action=maybe_recompile pc=0x000000000282264c method=java.lang.String.equals(Ljava/lang/Object;)Z @ 8
Event: 1.864 Thread 0x000000000c3cb800 Uncommon trap: reason=class_check action=maybe_recompile pc=0x000000000282264c method=java.lang.String.equals(Ljava/lang/Object;)Z @ 8
Event: 3.513 Thread 0x000000000c3cb800 Uncommon trap: reason=class_check action=maybe_recompile pc=0x0000000002830158 method=java.lang.Character.toLowerCase(I)I @ 5
Event: 3.513 Thread 0x000000000c3cb800 Uncommon trap: reason=class_check action=maybe_recompile pc=0x0000000002830158 method=java.lang.Character.toLowerCase(I)I @ 5
Event: 3.513 Thread 0x000000000c3cb800 Uncommon trap: reason=class_check action=maybe_recompile pc=0x0000000002830158 method=java.lang.Character.toLowerCase(I)I @ 5
Event: 3.513 Thread 0x000000000c3cb800 Uncommon trap: reason=class_check action=maybe_recompile pc=0x0000000002830158 method=java.lang.Character.toLowerCase(I)I @ 5
Event: 3.516 Thread 0x000000000c3cb800 Uncommon trap: reason=class_check action=maybe_recompile pc=0x00000000028392d8 method=java.lang.Character.toLowerCase(I)I @ 5
Event: 9.572 Thread 0x000000000c3cb800 Uncommon trap: reason=unreached action=reinterpret pc=0x000000000286a504 method=java.lang.AbstractStringBuilder.append(Ljava/lang/String;)Ljava/lang/AbstractStringBuilder; @ 1

Internal exceptions (10 events):
Event: 9.557 Thread 0x000000000c3cb800 Threw 0x00000007d74a8588 at C:\re\jdk7u45\229\hotspot\src\share\vm\prims\jvm.cpp:1244
Event: 9.557 Thread 0x000000000c3cb800 Threw 0x00000007d74add00 at C:\re\jdk7u45\229\hotspot\src\share\vm\prims\jvm.cpp:1244
Event: 9.558 Thread 0x000000000c3cb800 Threw 0x00000007d74b1ba8 at C:\re\jdk7u45\229\hotspot\src\share\vm\prims\jvm.cpp:1244
Event: 9.566 Thread 0x000000000c3cb800 Threw 0x00000007d74ed6c8 at C:\re\jdk7u45\229\hotspot\src\share\vm\prims\jvm.cpp:1244
Event: 9.566 Thread 0x000000000c3cb800 Threw 0x00000007d74f2168 at C:\re\jdk7u45\229\hotspot\src\share\vm\prims\jvm.cpp:1244
Event: 9.567 Thread 0x000000000c3cb800 Threw 0x00000007d74f67d0 at C:\re\jdk7u45\229\hotspot\src\share\vm\prims\jvm.cpp:1244
Event: 9.567 Thread 0x000000000c3cb800 Threw 0x00000007d74fa410 at C:\re\jdk7u45\229\hotspot\src\share\vm\interpreter\linkResolver.cpp:883
Event: 9.572 Thread 0x000000000c3cb800 Implicit null exception at 0x000000000286a099 to 0x000000000286a4ed
Event: 10.946 Thread 0x000000000c3cb800 Threw 0x00000007d758a450 at C:\re\jdk7u45\229\hotspot\src\share\vm\interpreter\linkResolver.cpp:883
Event: 11.574 Thread 0x000000000c3cb800 Threw 0x00000007d75accd8 at C:\re\jdk7u45\229\hotspot\src\share\vm\prims\jvm.cpp:1244

Events (10 events):
Event: 134.599 Executing VM operation: GetOrSetLocal
Event: 134.599 Executing VM operation: GetOrSetLocal done
Event: 134.599 Executing VM operation: GetOrSetLocal
Event: 134.599 Executing VM operation: GetOrSetLocal done
Event: 134.599 Executing VM operation: GetOrSetLocal
Event: 134.599 Executing VM operation: GetOrSetLocal done
Event: 134.600 Executing VM operation: GetOrSetLocal
Event: 134.600 Executing VM operation: GetOrSetLocal done
Event: 184.245 Executing VM operation: RedefineClasses
Event: 184.246 Executing VM operation: RedefineClasses done


Dynamic libraries:
0x000000013f3c0000 - 0x000000013f3f3000 	D:\Program Files (x86)\Java\jre7\bin\javaw.exe
0x0000000077020000 - 0x00000000771c9000 	C:\Windows\SYSTEM32\ntdll.dll
0x0000000076e00000 - 0x0000000076f1f000 	C:\Windows\system32\kernel32.dll
0x000007fefce90000 - 0x000007fefcefb000 	C:\Windows\system32\KERNELBASE.dll
0x000007fefd680000 - 0x000007fefd75b000 	C:\Windows\system32\ADVAPI32.dll
0x000007fefd4c0000 - 0x000007fefd55f000 	C:\Windows\system32\msvcrt.dll
0x000007fefea10000 - 0x000007fefea2f000 	C:\Windows\SYSTEM32\sechost.dll
0x000007fefec10000 - 0x000007fefed3d000 	C:\Windows\system32\RPCRT4.dll
0x0000000076f20000 - 0x000000007701a000 	C:\Windows\system32\USER32.dll
0x000007fefd1b0000 - 0x000007fefd217000 	C:\Windows\system32\GDI32.dll
0x000007fefea80000 - 0x000007fefea8e000 	C:\Windows\system32\LPK.dll
0x000007fefeb30000 - 0x000007fefebf9000 	C:\Windows\system32\USP10.dll
0x000007fefb5e0000 - 0x000007fefb7d4000 	C:\Windows\WinSxS\amd64_microsoft.windows.common-controls_6595b64144ccf1df_6.0.7601.17514_none_fa396087175ac9ac\COMCTL32.dll
0x000007fefd560000 - 0x000007fefd5d1000 	C:\Windows\system32\SHLWAPI.dll
0x000007fefd490000 - 0x000007fefd4be000 	C:\Windows\system32\IMM32.DLL
0x000007fefede0000 - 0x000007fefeee9000 	C:\Windows\system32\MSCTF.dll
0x0000000065d10000 - 0x0000000065de2000 	D:\Program Files (x86)\Java\jre7\bin\msvcr100.dll
0x0000000064700000 - 0x0000000064ec9000 	D:\Program Files (x86)\Java\jre7\bin\server\jvm.dll
0x000007fefb5b0000 - 0x000007fefb5b9000 	C:\Windows\system32\WSOCK32.dll
0x000007fefea30000 - 0x000007fefea7d000 	C:\Windows\system32\WS2_32.dll
0x000007fefec00000 - 0x000007fefec08000 	C:\Windows\system32\NSI.dll
0x000007fefcfd0000 - 0x000007fefd00b000 	C:\Windows\system32\WINMM.dll
0x00000000771e0000 - 0x00000000771e7000 	C:\Windows\system32\PSAPI.DLL
0x0000000068a50000 - 0x0000000068a5f000 	D:\Program Files (x86)\Java\jre7\bin\verify.dll
0x0000000065ea0000 - 0x0000000065ec8000 	D:\Program Files (x86)\Java\jre7\bin\java.dll
0x0000000065640000 - 0x0000000065675000 	D:\Program Files (x86)\Java\jre7\bin\jdwp.dll
0x0000000074220000 - 0x0000000074228000 	D:\Program Files (x86)\Java\jre7\bin\npt.dll
0x0000000068a30000 - 0x0000000068a45000 	D:\Program Files (x86)\Java\jre7\bin\zip.dll
0x0000000065820000 - 0x0000000065829000 	D:\Program Files (x86)\Java\jre7\bin\dt_socket.dll
0x000007fefb040000 - 0x000007fefb055000 	C:\Windows\system32\NLAapi.dll
0x000007fef82e0000 - 0x000007fef82f5000 	C:\Windows\system32\napinsp.dll
0x000007fef82c0000 - 0x000007fef82d9000 	C:\Windows\system32\pnrpnsp.dll
0x000007fefc570000 - 0x000007fefc5c5000 	C:\Windows\System32\mswsock.dll
0x000007fefc3f0000 - 0x000007fefc44b000 	C:\Windows\system32\DNSAPI.dll
0x000007fef82b0000 - 0x000007fef82bb000 	C:\Windows\System32\winrnr.dll
0x000007fefaa70000 - 0x000007fefaa97000 	C:\Windows\system32\IPHLPAPI.DLL
0x000007fefaa60000 - 0x000007fefaa6b000 	C:\Windows\system32\WINNSI.DLL
0x000007fefa440000 - 0x000007fefa493000 	C:\Windows\System32\fwpuclnt.dll
0x000007fef5d80000 - 0x000007fef5d88000 	C:\Windows\system32\rasadhlp.dll
0x000007fefbf70000 - 0x000007fefbf77000 	C:\Windows\System32\wshtcpip.dll
0x00000000654a0000 - 0x0000000065635000 	D:\Program Files (x86)\Java\jre7\bin\awt.dll
0x000007fefe930000 - 0x000007fefea07000 	C:\Windows\system32\OLEAUT32.dll
0x000007fefd220000 - 0x000007fefd423000 	C:\Windows\system32\ole32.dll
0x000007fefcfb0000 - 0x000007fefcfc8000 	C:\Windows\system32\DWMAPI.DLL
0x000007fefb500000 - 0x000007fefb556000 	C:\Windows\system32\uxtheme.dll
0x000007fefcbd0000 - 0x000007fefcc27000 	C:\Windows\system32\apphelp.dll
0x000007fef9500000 - 0x000007fef9aea000 	C:\Windows\system32\SOGOUPY.IME
0x000007fefa630000 - 0x000007fefa637000 	C:\Windows\system32\MSIMG32.dll
0x000007fefa700000 - 0x000007fefa754000 	C:\Windows\system32\OLEACC.dll
0x000007fefbea0000 - 0x000007fefbeac000 	C:\Windows\system32\VERSION.dll
0x000007fefda10000 - 0x000007fefe798000 	C:\Windows\system32\SHELL32.dll
0x000007fefcc30000 - 0x000007fefcc3f000 	C:\Windows\system32\CRYPTBASE.dll
0x0000000006320000 - 0x0000000006333000 	C:\Program Files (x86)\Dict\6.2.54.8018\WordStrokeHelper64.dll
0x0000000065450000 - 0x0000000065496000 	D:\Program Files (x86)\Java\jre7\bin\fontmanager.dll
0x00000000143b0000 - 0x000000001478e000 	C:\Program Files (x86)\SogouInput\7.1.0.1618\Resource.dll
0x0000000065e80000 - 0x0000000065e99000 	D:\Program Files (x86)\Java\jre7\bin\net.dll
0x000007fefc560000 - 0x000007fefc567000 	C:\Windows\System32\wship6.dll
0x0000000065e60000 - 0x0000000065e71000 	D:\Program Files (x86)\Java\jre7\bin\nio.dll
0x0000000065400000 - 0x0000000065441000 	D:\Program Files (x86)\Java\jre7\bin\t2k.dll
0x000007fefea90000 - 0x000007fefeb29000 	C:\Windows\system32\CLBCatQ.DLL
0x000007fefaac0000 - 0x000007fefabea000 	C:\Windows\system32\WindowsCodecs.dll
0x0000000072930000 - 0x0000000072946000 	C:\Program Files\Common Files\TortoiseOverlays\TortoiseOverlays.dll
0x0000000072910000 - 0x0000000072927000 	D:\Program Files (x86)\TortoiseSVN\bin\TortoiseStub.dll
0x0000000072890000 - 0x000000007290d000 	D:\Program Files (x86)\TortoiseSVN\bin\TortoiseSVN.dll
0x000007fefd8e0000 - 0x000007fefda0a000 	C:\Windows\system32\WININET.dll
0x000007fefd760000 - 0x000007fefd8d9000 	C:\Windows\system32\urlmon.dll
0x000007fefd040000 - 0x000007fefd1ac000 	C:\Windows\system32\CRYPT32.dll
0x000007fefcde0000 - 0x000007fefcdef000 	C:\Windows\system32\MSASN1.dll
0x000007feff0d0000 - 0x000007feff32c000 	C:\Windows\system32\iertutil.dll
0x000007fef8720000 - 0x000007fef8b93000 	D:\Program Files (x86)\TortoiseSVN\bin\libsvn_tsvn.dll
0x0000000072860000 - 0x000000007288e000 	D:\Program Files (x86)\TortoiseSVN\bin\libapr_tsvn.dll
0x000007fef8640000 - 0x000007fef8714000 	C:\Windows\system32\MSVCR110.dll
0x0000000072810000 - 0x0000000072855000 	D:\Program Files (x86)\TortoiseSVN\bin\libaprutil_tsvn.dll
0x000007fefd430000 - 0x000007fefd482000 	C:\Windows\system32\WLDAP32.dll
0x000007fef8620000 - 0x000007fef8631000 	D:\Program Files (x86)\TortoiseSVN\bin\intl3_tsvn.dll
0x000007fef8600000 - 0x000007fef8619000 	D:\Program Files (x86)\TortoiseSVN\bin\libsasl.dll
0x000007fefc870000 - 0x000007fefc87b000 	C:\Windows\system32\Secur32.dll
0x000007fefcba0000 - 0x000007fefcbc5000 	C:\Windows\system32\SSPICLI.DLL
0x000007fefa580000 - 0x000007fefa627000 	C:\Windows\system32\MSVCP110.dll
0x000007fef84d0000 - 0x000007fef850a000 	C:\Program Files (x86)\360\360safe\safemon\360UDiskGuard64.dll
0x000007fefeef0000 - 0x000007feff0c7000 	C:\Windows\system32\SETUPAPI.dll
0x000007fefcf70000 - 0x000007fefcfa6000 	C:\Windows\system32\CFGMGR32.dll
0x000007fefcf00000 - 0x000007fefcf1a000 	C:\Windows\system32\DEVOBJ.dll
0x000007fef8490000 - 0x000007fef84c5000 	C:\Windows\system32\EhStorShell.dll
0x000007fefb7e0000 - 0x000007fefb90c000 	C:\Windows\system32\PROPSYS.dll
0x000007fef8410000 - 0x000007fef848e000 	C:\Windows\System32\cscui.dll
0x000007fefa570000 - 0x000007fefa57c000 	C:\Windows\System32\CSCDLL.dll
0x000007fef8400000 - 0x000007fef840f000 	C:\Windows\system32\CSCAPI.dll
0x000007fef5d90000 - 0x000007fef5e10000 	C:\Windows\system32\ntshrui.dll
0x000007fefc7d0000 - 0x000007fefc7f3000 	C:\Windows\system32\srvcli.dll
0x000007fefafb0000 - 0x000007fefafbb000 	C:\Windows\system32\slc.dll
0x000007fef2840000 - 0x000007fef28e0000 	C:\Windows\WinSxS\amd64_microsoft.windows.common-controls_6595b64144ccf1df_5.82.7601.18201_none_a4d3b9377117c3df\comctl32.dll
0x000007feef1d0000 - 0x000007feef36c000 	C:\Windows\system32\NetworkExplorer.dll
0x000007fefaef0000 - 0x000007fefaf1d000 	C:\Windows\system32\ntmarta.dll
0x000007fef6120000 - 0x000007fef6154000 	C:\Windows\System32\shdocvw.dll
0x000007fefcd40000 - 0x000007fefcd4f000 	C:\Windows\system32\profapi.dll
0x000007fef9150000 - 0x000007fef9168000 	C:\Windows\system32\MPR.dll
0x000007fefb5c0000 - 0x000007fefb5ca000 	C:\Windows\System32\drprov.dll
0x000007fefcce0000 - 0x000007fefcd1d000 	C:\Windows\System32\WINSTA.dll
0x000007fefb580000 - 0x000007fefb5a2000 	C:\Windows\System32\ntlanman.dll
0x000007fef60b0000 - 0x000007fef60cc000 	C:\Windows\System32\davclnt.dll
0x000007fefa6f0000 - 0x000007fefa6fa000 	C:\Windows\System32\DAVHLPR.dll
0x000007fefa8f0000 - 0x000007fefa905000 	C:\Windows\system32\wkscli.dll
0x000007fefa910000 - 0x000007fefa91c000 	C:\Windows\system32\netutils.dll
0x000007feee870000 - 0x000007feeeae1000 	C:\Windows\system32\wpdshext.dll
0x000007fefb2e0000 - 0x000007fefb4f6000 	C:\Windows\WinSxS\amd64_microsoft.windows.gdiplus_6595b64144ccf1df_1.1.7601.18455_none_2b283fd671e9bf4d\gdiplus.dll
0x000007fefa7d0000 - 0x000007fefa88d000 	C:\Windows\system32\PortableDeviceApi.dll
0x000007fefcf30000 - 0x000007fefcf6a000 	C:\Windows\system32\WINTRUST.dll
0x000007fef6000000 - 0x000007fef6027000 	C:\Windows\system32\EhStorAPI.dll
0x000007fef6180000 - 0x000007fef618c000 	C:\Windows\system32\LINKINFO.dll
0x000007fef1ae0000 - 0x000007fef1c05000 	C:\Windows\system32\dbghelp.dll

VM Arguments:
jvm_args: -agentlib:jdwp=transport=dt_socket,suspend=y,address=localhost:4795 -Dfile.encoding=UTF-8 
java_command: com.start.ToolStart
Launcher Type: SUN_STANDARD

Environment Variables:
JAVA_HOME=D:\Program Files (x86)\Java\jdk1.7.0_45
PATH=C:\Windows\system32;C:\Windows;C:\Windows\System32\Wbem;C:\Windows\System32\WindowsPowerShell\v1.0\;C:\Program Files (x86)\Common Files\Thunder Network\KanKan\Codecs;C:\Program Files\Microsoft\Web Platform Installer\;C:\Program Files (x86)\Microsoft ASP.NET\ASP.NET Web Pages\v1.0\;C:\Program Files\Microsoft SQL Server\110\Tools\Binn\;C:\Program Files (x86)\Windows Kits\8.0\Windows Performance Toolkit\;C:\Program Files (x86)\Xoreax\IncrediBuild;TOMCAT_ HOME\bin;D:\Program Files (x86)\TortoiseSVN\bin;C:\Program Files\MySQL\MySQL Server 5.1\bin
USERNAME=Administrator
OS=Windows_NT
PROCESSOR_IDENTIFIER=Intel64 Family 6 Model 58 Stepping 9, GenuineIntel



---------------  S Y S T E M  ---------------

OS: Windows 7 , 64 bit Build 7601 Service Pack 1

CPU:total 8 (4 cores per cpu, 2 threads per core) family 6 model 58 stepping 9, cmov, cx8, fxsr, mmx, sse, sse2, sse3, ssse3, sse4.1, sse4.2, popcnt, avx, aes, erms, ht, tsc, tscinvbit, tscinv

Memory: 4k page, physical 8068556k(3673428k free), swap 16135252k(9507852k free)

vm_info: Java HotSpot(TM) 64-Bit Server VM (24.45-b08) for windows-amd64 JRE (1.7.0_45-b18), built on Oct  8 2013 05:47:22 by "java_re" with unknown MS VC++:1600

time: Fri Sep 26 15:11:38 2014
elapsed time: 184 seconds

